ts	run	int	data	Dgen	Darr	buf tar	buf est	buf play	rtt est	rtt prime	lambda d	lambda	rtx	recover	resc	lat est	rtt var
1458508527805	0	347	347	0	0	0	0.0	0.0	0	0	0	0	0	0	0	0	0
1458508527825	0	350	348	7.0	0.0	0	15.0	0.0	3.0	0.0	0	3.0	0	0	0	0	0.0
1458508527845	0	351	349	12.0	10.0	0	49.5	9.5	2.75	0.0	0	2.0	0	0	0	0	0.5
1458508527865	0	352	350	26.5	20.0	0	69.5	29.5	2.583335	0.0	0	1.0	0	0	0	0	0.8952845
1458508527885	0	353	351	46.0	20.0	0	90.0	50.0	2.583335	0.0	0	1.0	0	0	0	0	0.7710555
1458508527905	0	354	352	56.5	20.0	0	110.0	70.0	2.45	0.0	0	1.0	0	0	0	0	0.7243795
1458508527925	0	355	353	57.0	20.5	0	130.0	90.0	2.366665	0.0	0	1.0	0	0	0	0	0.6729885
1458508527945	0	356	354	57.0	20.0	0	149.5	109.5	2.30952	21.88345	0	1.0	0	0	0	0	0.6282135
1458508527967	0	357	355	57.5	19.5	0	169.5	129.5	2.205355	47.2885	0	1.0	0	0	0	0	0.675539
1458508527985	0	358	356	57.5	21.0	0	190.0	150.0	2.229165	53.76785	0	1.0	0	0	0	0	0.852078
1458508528005	0	359	357	57.5	20.0	0	209.5	169.5	2.266665	58.20275	0	1.0	0	0	0	0	0.9848525
1458508528025	0	360	358	57.5	19.0	0	229.0	189.0	2.19091	59.7329	0	1.0	0	0	0	0	0.984116
1458508528045	0	361	359	56.5	20.0	0	249.5	209.5	2.132575	59.6866	0	1.0	0	0	0	0	0.970431
1458508528065	0	362	360	56.5	20.0	0	269.5	229.5	2.080125	59.54735	0	1.0	0	0	0	0	0.9608495
1458508528086	0	363	361	57.0	20.5	0	289.0	249.0	2.074175	59.5469	0	1.0	0	0	0	0	0.921794
1458508528106	0	364	362	57.0	20.5	0	309.5	269.5	2.06905	59.6004	0	1.0	0	0	0	0	0.8871515
1458508528125	0	365	363	57.0	20.0	0	329.5	289.5	2.095835	59.5797	0	1.0	0	0	0	0	0.872977
1458508528146	0	366	364	57.0	19.5	0	349.0	309.0	2.121325	59.4948	0	1.0	0	0	0	0	0.8615235
1458508528165	0	367	365	56.5	20.0	0	369.5	329.5	2.14216	59.41595	0	1.0	0	0	0	0	0.848949
1458508528185	0	368	366	56.0	20.0	0	389.5	349.5	2.16228	59.43535	0	1.0	0	0	0	0	0.838474
1458508528205	0	369	367	56.5	19.5	0	409.0	369.0	2.153945	59.48785	0	1.0	0	0	0	0	0.816346
1458508528225	0	370	368	57.0	20.0	0	429.5	389.5	2.14643	59.43745	0	1.0	0	0	0	0	0.7958825
1458508528245	0	371	369	57.0	20.0	0	440.0	379.272727273	2.13961	59.35485	0	1.0	0	0	0	0.139838571429	0.7768845
1458508528266	0	372	370	57.0	19.5	0	389.5	299.25	2.11166	59.21255	0	1.0	0	0	0	0.08055	0.7779795
1458508528285	0	373	371	57.0	20.0	0	339.5	299.75	2.085145	59.145215	0	1.0	0	0	0	0.07917	0.779675
1458508528305	0	374	372	53.5	20.0	0	340.0	300.0	2.121665	58.84043	0	1.0	0	0	0	0.079175	0.810685
1458508528325	0	375	373	53.5	19.5	0	340.5	300.75	2.156925	58.575285	0	1.0	0	0	0	0.07966	0.841965
1458508528345	0	376	374	56.5	20.0	0	340.5	300.25	2.151	58.62207	0	1.0	0	0	0	0.08051	0.825865
1458508528365	0	377	375	56.5	19.5	0	340.0	300.0	2.145505	58.60057	0	1.0	0	0	0	0.080325	0.810655
1458508528385	0	378	376	57.0	19.5	0	340.5	300.75	2.140395	58.60307	0	1.0	0	0	0	0.07916	0.796255
1458508528405	0	379	377	57.0	20.5	0	340.5	300.25	2.13563	58.634855	0	1.0	0	0	0	0.079015	0.7826
1458508528425	0	380	378	56.5	20.0	0	340.0	300.0	2.14731	58.65364	0	1.0	0	0	0	0.07903	0.777545
1458508528445	0	381	379	56.0	20.0	0	340.0	300.0	2.174395	58.993215	0	1.0	0	0	0	0.078765	0.780135
1458508528465	0	382	380	56.5	20.5	0	340.0	300.0	2.18466	59.329145	0	1.0	0	0	0	0.079265	0.77534
1458508528486	0	383	381	57.0	19.5	0	340.0	300.0	2.179145	59.335645	0	1.0	0	0	0	0.079685	0.764005
1458508528506	0	384	382	57.0	20.5	0	340.0	300.0	2.188235	59.457	0	1.0	0	0	0	0.07946	0.759455
1458508528525	0	385	383	57.0	20.5	0	340.0	300.0	2.19722	59.579925	0	1.0	0	0	0	0.08019	0.75536
1458508528545	0	386	384	57.0	19.5	0	340.0	300.0	2.191815	59.616285	0	1.0	0	0	0	0.08027	0.74538
1458508528565	0	387	385	56.0	20.0	0	340.0	300.0	2.19986	59.523575	0	1.0	0	0	0	0.07878	0.74148
1458508528585	0	388	386	56.0	19.5	0	340.0	300.0	2.19501	59.396715	0	1.0	0	0	0	0.078955	0.750485
1458508528605	0	389	387	57.0	20.0	0	340.0	300.0	2.177245	59.366715	0	1.0	0	0	0	0.079545	0.75388
1458508528625	0	390	388	57.0	20.0	0	339.5	299.25	2.172865	59.355575	0	1.0	0	0	0	0.080015	0.74481
1458508528645	0	391	389	57.5	20.0	0	339.5	299.75	2.156795	59.296785	0	1.0	0	0	0	0.08063	0.74707
1458508528665	0	392	390	57.5	20.0	0	340.5	300.75	2.141195	59.23364	0	1.0	0	0	0	0.08004	0.74943
1458508528685	0	393	391	57.0	19.5	0	340.0	299.5	2.137945	59.1925	0	1.0	0	0	0	0.07995	0.740875
1458508528705	0	394	392	57.0	20.0	0	339.5	299.75	2.134845	59.2565	0	1.0	0	0	0	0.0803	0.732605
1458508528725	0	395	393	57.0	20.0	0	340.0	300.0	2.13188	59.37257	0	1.0	0	0	0	0.08005	0.72461
1458508528745	0	396	394	57.0	20.0	0	340.0	300.0	2.129045	59.40914	0	1.0	0	0	0	0.07949	0.71687
1458508528765	0	397	395	57.0	20.0	0	340.0	300.0	2.12633	59.43471	0	1.0	0	0	0	0.079505	0.70937
1458508528785	0	398	396	57.0	20.0	0	340.0	300.0	2.123725	59.43314	0	1.0	0	0	0	0.08003	0.7021
1458508528805	0	399	397	57.0	20.5	0	340.5	300.75	2.121225	59.439355	0	1.0	0	0	0	0.07963	0.69505
1458508528825	0	400	398	57.0	20.5	0	340.5	300.25	2.118825	59.508215	0	1.0	0	0	0	0.07947	0.68821
1458508528845	0	401	399	57.0	19.5	0	340.5	300.75	2.116515	59.576	0	1.0	0	0	0	0.07949	0.681565
1458508528865	0	402	400	57.0	19.5	0	340.5	300.25	2.114295	59.606925	0	1.0	0	0	0	0.079335	0.67511
1458508528885	0	403	401	57.0	20.0	0	340.0	300.0	2.11216	59.581855	0	1.0	0	0	0	0.07969	0.668835
1458508528905	0	404	402	57.0	20.5	0	340.5	300.75	2.1101	59.55057	0	1.0	0	0	0	0.079915	0.66273
1458508528926	0	405	403	57.0	20.0	0	341.0	301.0	2.108115	59.513285	0	1.0	0	0	0	0.079915	0.65679
1458508528945	0	406	404	57.0	20.5	0	340.5	300.25	2.114975	59.549355	0	1.0	0	0	0	0.08024	0.656375
1458508528965	0	407	405	57.0	20.5	0	340.0	300.0	2.12175	59.581785	0	1.0	0	0	0	0.08073	0.65609
1458508528985	0	408	406	57.0	19.0	0	340.5	300.75	2.119665	59.5465	0	1.0	0	0	0	0.08013	0.65056
1458508529006	0	409	407	56.0	19.5	0	340.5	300.25	2.125985	59.459215	0	1.0	0	0	0	0.079445	0.650155
1458508529025	0	410	408	55.5	20.5	0	340.5	300.75	2.14863	59.456075	0	1.0	0	0	0	0.079035	0.67146
1458508529046	0	411	409	56.5	20.0	0	341.0	301.0	2.16261	59.54893	0	1.0	0	0	0	0.07903	0.68776
1458508529065	0	412	410	57.0	19.5	0	340.5	300.25	2.16001	59.62093	0	1.0	0	0	0	0.080045	0.68246
1458508529085	0	413	411	56.0	20.0	0	340.5	300.75	2.165305	59.5025	0	1.0	0	0	0	0.0797	0.68127
1458508529106	0	414	412	56.0	19.5	0	340.5	300.25	2.170555	59.31314	0	1.0	0	0	0	0.0794	0.680195
1458508529125	0	415	413	56.5	20.0	0	340.0	300.0	2.175525	59.29957	0	1.0	0	0	0	0.08008	0.678995
1458508529145	0	416	414	56.5	20.5	0	340.0	300.0	2.18046	59.385	0	1.0	0	0	0	0.0804	0.6779
1458508529165	0	417	415	57.0	19.5	0	340.5	300.75	2.177785	59.41307	0	1.0	0	0	0	0.080355	0.67315
1458508529186	0	418	416	56.5	19.0	0	340.5	300.25	2.17519	59.27907	0	1.0	0	0	0	0.080835	0.668495
1458508529205	0	419	417	56.5	20.5	0	340.0	300.0	2.17981	59.239355	0	1.0	0	0	0	0.081225	0.667485
1458508529226	0	420	418	57.0	20.5	0	340.0	300.0	2.184405	59.36021	0	1.0	0	0	0	0.08017	0.66657
1458508529245	0	421	419	57.5	20.0	0	340.5	300.75	2.18183	59.55307	0	1.0	0	0	0	0.079175	0.66219
1458508529265	0	422	420	57.0	20.0	0	340.5	300.2	2.17932	59.57636	0	1.0	0	0	0	0.07941	0.657895
1458508529285	0	423	421	56.5	19.5	0	340.0	300.0	2.17688	59.493645	0	1.0	0	0	0	0.080155	0.65368
1458508529306	0	424	422	56.0	20.0	0	340.0	300.0	2.181175	59.3945	0	1.0	0	0	0	0.08035	0.65291
1458508529326	0	425	423	56.0	20.0	0	340.0	300.0	2.19202	59.411285	0	1.0	0	0	0	0.079785	0.65542
1458508529346	0	426	424	57.0	20.5	0	340.0	300.0	2.20258	59.51614	0	1.0	0	0	0	0.080055	0.657675
1458508529365	0	427	425	56.5	20.0	0	340.0	300.0	2.21928	59.555	0	1.0	0	0	0	0.080735	0.67216
1458508529385	0	428	426	56.0	19.5	0	340.0	300.0	2.22931	59.46036	0	1.0	0	0	0	0.0804	0.683625
1458508529406	0	429	427	55.0	20.0	0	340.0	300.0	2.238925	59.3015	0	1.0	0	0	0	0.079715	0.693875
1458508529425	0	430	428	55.0	20.5	0	340.0	300.0	2.25463	59.294355	0	1.0	0	0	0	0.080165	0.70636
1458508529446	0	431	429	56.5	20.0	0	340.0	300.0	2.25768	59.40464	0	1.0	0	0	0	0.08087	0.70475
1458508529466	0	432	430	57.0	20.0	0	341.0	300.0	2.26058	59.510425	0	1.0	0	0	0	0.080725	0.703115
1458508529485	0	433	431	56.0	20.0	0	342.0	300.0	2.269435	59.407	0	1.0	0	0	0	0.081045	0.703565
1458508529506	0	434	432	56.0	19.5	0	342.0	300.0	2.2722	59.245215	0	1.0	0	0	0	0.080395	0.70198
1458508529525	0	435	433	55.5	20.5	0	342.5	300.8	2.28646	59.258285	0	1.0	0	0	0	0.080015	0.728305
1458508529546	0	436	434	55.0	19.5	0	342.0	299.4	2.30059	59.34836	0	1.0	0	0	0	0.08064	0.754555
1458508529565	0	437	435	56.5	19.0	0	341.5	299.8	2.29715	59.38679	0	1.0	0	0	0	0.080805	0.750875
1458508529586	0	438	436	56.5	20.0	0	342.0	300.0	2.29379	59.320215	0	1.0	0	0	0	0.080895	0.74725
1458508529611	0	439	437	56.5	20.5	0	342.0	300.0	2.296065	59.266925	0	1.0	0	0	0	0.08007	0.745245
1458508529626	0	440	438	56.5	22.5	0	342.0	300.0	2.33132	59.681785	0	1.0	0	0	0	0.07896	0.849465
1458508529645	0	441	439	56.0	19.5	0	341.5	299.2	2.366105	60.075575	0	1.0	0	0	0	0.07866	0.95244
1458508529666	0	442	440	53.0	17.0	0	341.5	299.8	2.39984	59.97179	0	1.0	0	0	0	0.079205	1.032075
1458508529686	0	443	441	50.5	19.5	0	342.0	300.0	2.43314	59.580145	0	1.0	0	0	0	0.080065	1.11095
1458508529705	0	444	442	52.0	20.5	0	342.0	300.0	2.46019	59.32843	0	1.0	0	0	0	0.08022	1.15391
1458508529726	0	445	443	55.0	20.0	0	342.0	300.0	2.48169	59.441645	0	1.0	0	0	0	0.079705	1.196435
1458508529746	0	446	444	57.0	20.0	0	342.0	300.0	2.4767	59.47143	0	1.0	0	0	0	0.07986	1.191175
1458508529766	0	447	445	56.0	20.0	0	342.0	300.0	2.47691	59.039145	0	1.0	0	0	0	0.07991	1.18609
1458508529786	0	448	446	56.0	19.5	0	342.0	300.0	2.47717	58.67736	0	1.0	0	0	0	0.079665	1.181095
1458508529806	0	449	447	56.0	20.0	0	342.0	300.0	2.477375	58.724145	0	1.0	0	0	0	0.080205	1.17618
1458508529826	0	450	448	55.5	20.0	0	341.5	299.2	2.482575	59.10457	0	1.0	0	0	0	0.08065	1.171425
1458508529846	0	451	449	56.0	20.0	0	341.5	299.8	2.487675	59.42764	0	1.0	0	0	0	0.080785	1.166725
1458508529866	0	452	450	56.5	19.5	0	342.0	300.0	2.48782	59.382855	0	1.0	0	0	0	0.080485	1.162035
1458508529886	0	453	451	56.5	19.5	0	342.0	300.0	2.483105	59.29107	0	1.0	0	0	0	0.08007	1.157355
1458508529907	0	454	452	56.0	20.0	0	342.0	300.0	2.47848	59.20093	0	1.0	0	0	0	0.07963	1.15273
1458508529925	0	455	453	56.5	20.5	0	342.0	300.0	2.47866	59.221075	0	1.0	0	0	0	0.07973	1.148255
1458508529946	0	456	454	56.5	20.0	0	342.5	300.8	2.483555	59.312645	0	1.0	0	0	0	0.079655	1.143925
1458508529965	0	457	455	54.0	19.5	0	342.5	300.2	2.50688	59.358	0	1.0	0	0	0	0.08038	1.17955
1458508529985	0	458	456	53.5	20.0	0	341.0	300.0	2.529945	59.228145	0	1.0	0	0	0	0.08043	1.21493
1458508530006	0	459	457	55.5	20.0	0	339.5	299.2	2.534235	59.097575	0	1.0	0	0	0	0.07967	1.21016
1458508530027	0	460	458	56.5	20.0	0	339.5	299.8	2.533945	59.143075	0	1.0	0	0	0	0.080295	1.20558
1458508530045	0	461	459	56.5	21.0	0	340.0	300.0	2.54255	59.395715	0	1.0	0	0	0	0.08003	1.212005
1458508530065	0	462	460	56.5	19.5	0	339.5	299.2	2.55112	59.513715	0	1.0	0	0	0	0.07936	1.21847
1458508530085	0	463	461	56.5	18.5	0	339.5	299.8	2.546265	59.38036	0	1.0	0	0	0	0.079805	1.214155
1458508530105	0	464	462	54.5	20.0	0	339.5	299.2	2.55019	59.159645	0	1.0	0	0	0	0.08	1.213185
1458508530125	0	465	463	55.0	20.0	0	339.5	299.8	2.55412	59.109785	0	1.0	0	0	0	0.080415	1.21227
1458508530145	0	466	464	57.0	20.0	0	340.0	300.0	2.549365	59.2585	0	1.0	0	0	0	0.08068	1.20811
1458508530165	0	467	465	57.0	19.5	0	339.5	299.2	2.54469	59.254645	0	1.0	0	0	0	0.080055	1.20399
1458508530185	0	468	466	56.5	19.5	0	339.0	299.0	2.540095	59.027215	0	1.0	0	0	0	0.079605	1.19991
1458508530205	0	469	467	56.5	20.5	0	339.5	299.8	2.535575	58.844645	0	1.0	0	0	0	0.07998	1.19587
1458508530225	0	470	468	57.0	20.5	0	339.5	299.2	2.53113	58.939145	0	1.0	0	0	0	0.080395	1.191865
1458508530245	0	471	469	57.0	20.0	0	339.5	299.8	2.52676	59.19336	0	1.0	0	0	0	0.080425	1.187895
1458508530265	0	472	470	57.0	19.5	0	340.0	300.0	2.52246	59.311715	0	1.0	0	0	0	0.080955	1.18396
1458508530285	0	473	471	57.0	19.5	0	340.0	300.0	2.51823	59.236	0	1.0	0	0	0	0.080425	1.18006
1458508530305	0	474	472	57.0	20.0	0	340.0	300.0	2.514065	59.2125	0	1.0	0	0	0	0.0794	1.176195
1458508530325	0	475	473	57.0	20.0	0	340.0	300.0	2.50997	59.267	0	1.0	0	0	0	0.079535	1.172365
1458508530345	0	476	474	56.5	19.5	0	340.0	300.0	2.509875	59.33086	0	1.0	0	0	0	0.08082	1.168545
1458508530365	0	477	475	56.5	20.0	0	340.5	300.8	2.50981	59.339145	0	1.0	0	0	0	0.080905	1.164775
1458508530385	0	478	476	57.0	20.5	0	340.5	300.2	2.505845	59.34793	0	1.0	0	0	0	0.080495	1.16108
1458508530406	0	479	477	57.0	20.0	0	340.5	300.8	2.50194	59.39586	0	1.0	0	0	0	0.080295	1.157415
1458508530428	0	480	478	57.0	20.0	0	340.5	300.2	2.49809	59.46329	0	1.0	0	0	0	0.07971	1.15378
1458508530445	0	481	479	57.0	21.0	0	340.0	300.0	2.50188	59.66929	0	1.0	0	0	0	0.079615	1.153515
1458508530466	0	482	480	57.0	20.0	0	340.0	300.0	2.50567	59.82779	0	1.0	0	0	0	0.07941	1.153295
1458508530485	0	483	481	56.5	19.0	0	340.0	300.0	2.50561	59.7995	0	1.0	0	0	0	0.07942	1.14976
1458508530505	0	484	482	55.0	19.5	0	340.0	300.0	2.50558	59.59307	0	1.0	0	0	0	0.079845	1.146265
1458508530525	0	485	483	55.5	19.5	0	340.0	300.0	2.50185	59.3795	0	1.0	0	0	0	0.079775	1.14283
1458508530546	0	486	484	57.0	20.5	0	340.0	300.0	2.498175	59.32757	0	1.0	0	0	0	0.07963	1.13942
1458508530571	0	487	485	57.0	20.5	0	340.0	300.0	2.49455	59.306215	0	1.0	0	0	0	0.079885	1.13604
1458508530585	0	488	486	57.0	23.0	0	339.5	299.2	2.51256	59.590145	0	1.0	0	0	0	0.07996	1.178985
1458508530605	0	489	487	57.0	19.5	0	340.0	300.6	2.53047	59.849215	0	1.0	0	0	0	0.079395	1.221825
1458508530625	0	490	488	56.5	17.0	0	340.5	300.2	2.53024	59.841285	0	1.0	0	0	0	0.07985	1.218185
1458508530645	0	491	489	53.0	20.5	0	340.0	300.0	2.53356	59.590785	0	1.0	0	0	0	0.08073	1.21449
1458508530665	0	492	490	53.5	19.5	0	339.5	299.2	2.53334	59.343215	0	1.0	0	0	0	0.080505	1.210925
1458508530685	0	493	491	57.0	20.0	0	339.5	299.8	2.529625	59.37643	0	1.0	0	0	0	0.07989	1.207495
1458508530708	0	494	492	57.0	20.0	0	339.5	299.2	2.52596	59.355785	0	1.0	0	0	0	0.07943	1.204095
1458508530725	0	495	493	57.0	21.0	0	339.0	299.0	2.529195	59.064925	0	1.0	0	0	0	0.07982	1.20345
1458508530745	0	496	494	57.0	20.5	0	339.5	299.8	2.53243	58.82514	0	1.0	0	0	0	0.080165	1.20284
1458508530765	0	497	495	56.5	18.5	0	340.0	300.0	2.532195	58.843355	0	1.0	0	0	0	0.08001	1.199445
1458508530785	0	498	496	54.0	19.5	0	340.5	300.8	2.5387	59.09157	0	1.0	0	0	0	0.079775	1.19872
1458508530805	0	499	497	54.5	20.5	0	340.5	300.2	2.54181	59.324645	0	1.0	0	0	0	0.080035	1.198125
1458508530825	0	500	498	57.0	20.5	0	340.5	300.8	2.53821	59.326575	0	1.0	0	0	0	0.07956	1.19493
1458508530846	0	501	499	57.0	20.0	0	340.5	300.2	2.534655	59.359715	0	1.0	0	0	0	0.079985	1.191765
1458508530866	0	502	500	56.5	20.5	0	340.0	300.0	2.537685	59.27843	0	1.0	0	0	0	0.081245	1.191205
1458508530887	0	503	501	56.5	20.0	0	340.5	300.8	2.54072	59.20193	0	1.0	0	0	0	0.08045	1.19067
1458508530906	0	504	502	57.5	20.0	0	340.5	300.2	2.53722	59.3215	0	1.0	0	0	0	0.079765	1.187585
1458508530925	0	505	503	56.5	20.0	0	340.0	300.0	2.540175	59.578785	0	1.0	0	0	0	0.08029	1.187055
1458508530945	0	506	504	55.5	19.0	0	340.0	300.0	2.54632	59.73214	0	1.0	0	0	0	0.08022	1.18643
1458508530965	0	507	505	55.5	19.0	0	340.5	300.8	2.546035	59.605715	0	1.0	0	0	0	0.079615	1.183315
1458508530991	0	508	506	55.0	20.0	0	340.5	300.2	2.545735	59.422075	0	1.0	0	0	0	0.08003	1.18024
1458508531006	0	509	507	55.5	23.0	0	340.5	300.8	2.56421	59.639075	0	1.0	0	0	0	0.0801	1.21532
1458508531025	0	510	508	56.5	20.0	0	341.0	301.0	2.58255	59.96136	0	1.0	0	0	0	0.0791	1.25025
1458508531046	0	511	509	56.5	17.5	0	340.5	300.2	2.585135	59.88993	0	1.0	0	0	0	0.07914	1.246785
1458508531065	0	512	510	51.5	20.0	0	340.5	300.8	2.59996	59.451645	0	1.0	0	0	0	0.07922	1.2669
1458508531085	0	513	511	51.5	20.0	0	340.5	300.2	2.614675	59.105285	0	1.0	0	0	0	0.079755	1.286935
1458508531105	0	514	512	56.5	20.0	0	340.0	300.0	2.613985	59.199925	0	1.0	0	0	0	0.08037	1.28362
1458508531125	0	515	513	56.5	20.0	0	339.5	299.2	2.610275	59.320855	0	1.0	0	0	0	0.08085	1.28061
1458508531145	0	516	514	56.0	20.0	0	339.5	299.8	2.609605	58.958715	0	1.0	0	0	0	0.081285	1.27736
1458508531165	0	517	515	56.0	20.0	0	340.0	300.0	2.61194	58.523145	0	1.0	0	0	0	0.080655	1.273875
1458508531185	0	518	516	55.0	19.5	0	340.0	300.0	2.62016	58.4705	0	1.0	0	0	0	0.08034	1.276895
1458508531205	0	519	517	55.5	20.0	0	340.0	300.0	2.625375	58.83193	0	1.0	0	0	0	0.079645	1.280205
1458508531228	0	520	518	57.0	20.5	0	340.0	300.0	2.621705	59.220575	0	1.0	0	0	0	0.079255	1.277325
1458508531246	0	521	519	57.0	21.0	0	340.0	300.0	2.6268	59.459145	0	1.0	0	0	0	0.079925	1.2805
1458508531265	0	522	520	57.0	20.0	0	340.0	300.0	2.63478	59.75693	0	1.0	0	0	0	0.080145	1.283395
1458508531285	0	523	521	57.0	18.5	0	341.0	300.0	2.63401	59.84736	0	1.0	0	0	0	0.08036	1.28028
1458508531305	0	524	522	54.0	19.5	0	342.0	300.0	2.638945	59.65386	0	1.0	0	0	0	0.080245	1.283325
1458508531325	0	525	523	53.5	19.5	0	341.5	299.2	2.64388	59.412215	0	1.0	0	0	0	0.08005	1.28639
1458508531345	0	526	524	56.5	20.0	0	341.5	299.8	2.640235	59.385785	0	1.0	0	0	0	0.080265	1.28364
1458508531365	0	527	525	57.0	20.0	0	342.0	300.0	2.636625	59.38643	0	1.0	0	0	0	0.079905	1.280905
1458508531385	0	528	526	57.0	19.5	0	341.5	299.2	2.633055	59.14329	0	1.0	0	0	0	0.080475	1.278185
1458508531405	0	529	527	57.0	20.5	0	341.5	299.8	2.62953	58.8785	0	1.0	0	0	0	0.080835	1.27548
1458508531425	0	530	528	56.5	20.5	0	342.0	300.0	2.628805	58.85721	0	1.0	0	0	0	0.07985	1.27251
1458508531445	0	531	529	56.5	19.5	0	341.5	299.2	2.6281	59.081425	0	1.0	0	0	0	0.079485	1.269565
1458508531466	0	532	530	57.0	19.5	0	341.5	299.8	2.62193	59.30757	0	1.0	0	0	0	0.07971	1.269365
1458508531487	0	533	531	57.0	20.5	0	341.5	299.2	2.61581	59.3265	0	1.0	0	0	0	0.0805	1.26916
1458508531506	0	534	532	57.0	21.0	0	341.5	299.8	2.617875	59.469215	0	1.0	0	0	0	0.080535	1.268165
1458508531526	0	535	533	57.0	20.0	0	342.0	300.0	2.62264	59.685285	0	1.0	0	0	0	0.080025	1.26694
1458508531545	0	536	534	56.5	19.5	0	341.0	300.0	2.624665	59.748855	0	1.0	0	0	0	0.079825	1.263825
1458508531566	0	537	535	55.0	19.5	0	340.0	300.0	2.626665	59.597215	0	1.0	0	0	0	0.079765	1.26073
1458508531585	0	538	536	55.5	20.0	0	340.0	300.0	2.626	59.4805	0	1.0	0	0	0	0.07988	1.25793
1458508531605	0	539	537	57.0	20.5	0	339.5	299.2	2.622695	59.53814	0	1.0	0	0	0	0.080135	1.255415
1458508531631	0	540	538	57.0	20.0	0	339.5	299.8	2.619425	59.571215	0	1.0	0	0	0	0.07985	1.252915
1458508531645	0	541	539	56.5	23.0	0	340.0	300.0	2.631815	59.822145	0	1.0	0	0	0	0.079485	1.279695
1458508531665	0	542	540	56.5	20.0	0	340.0	300.0	2.64416	60.0055	0	1.0	0	0	0	0.08022	1.306435
1458508531686	0	543	541	57.0	17.0	0	340.5	300.8	2.640835	59.93843	0	1.0	0	0	0	0.079535	1.303865
1458508531705	0	544	542	52.5	20.0	0	340.5	300.2	2.64523	59.658	0	1.0	0	0	0	0.07874	1.306405
1458508531725	0	545	543	52.5	20.0	0	340.5	300.8	2.64962	59.360285	0	1.0	0	0	0	0.07902	1.308965
1458508531745	0	546	544	57.0	20.0	0	340.5	300.2	2.646315	59.341715	0	1.0	0	0	0	0.07947	1.30644
1458508531765	0	547	545	56.5	20.0	0	340.0	300.0	2.64304	59.296715	0	1.0	0	0	0	0.08037	1.303925
1458508531785	0	548	546	56.5	20.0	0	340.0	300.0	2.6398	58.878715	0	1.0	0	0	0	0.080245	1.301425
1458508531805	0	549	547	57.0	19.5	0	339.5	299.2	2.636595	58.4945	0	1.0	0	0	0	0.07966	1.29894
1458508531825	0	550	548	57.0	19.5	0	339.5	299.8	2.63342	58.464	0	1.0	0	0	0	0.0797	1.296465
1458508531845	0	551	549	56.0	20.0	0	339.5	299.2	2.635225	58.845	0	1.0	0	0	0	0.08044	1.295415
1458508531865	0	552	550	55.5	20.0	0	339.0	299.0	2.6395	59.253855	0	1.0	0	0	0	0.08055	1.29412
1458508531885	0	553	551	56.5	20.0	0	339.5	299.8	2.63882	59.289855	0	1.0	0	0	0	0.080535	1.291435
1458508531905	0	554	552	57.0	19.5	0	340.5	300.8	2.6357	59.333285	0	1.0	0	0	0	0.080745	1.289035
1458508531925	0	555	553	57.0	20.0	0	340.5	300.2	2.63261	59.34957	0	1.0	0	0	0	0.079875	1.28665
1458508531945	0	556	554	57.0	20.0	0	340.0	300.0	2.629545	59.363	0	1.0	0	0	0	0.07977	1.284275
1458508531966	0	557	555	57.0	19.5	0	340.0	300.0	2.62651	59.397	0	1.0	0	0	0	0.080575	1.28191
1458508531985	0	558	556	57.0	20.5	0	340.0	300.0	2.623505	59.454285	0	1.0	0	0	0	0.081015	1.279555
1458508532005	0	559	557	57.0	20.0	0	340.0	300.0	2.62053	59.47157	0	1.0	0	0	0	0.081025	1.27721
1458508532025	0	560	558	57.0	19.5	0	340.0	300.0	2.61758	59.432215	0	1.0	0	0	0	0.08023	1.27488
1458508532045	0	561	559	56.5	20.5	0	340.0	300.0	2.61466	59.383215	0	1.0	0	0	0	0.07891	1.272565
1458508532065	0	562	560	56.5	20.0	0	340.0	300.0	2.61177	59.35514	0	1.0	0	0	0	0.078765	1.270255
1458508532085	0	563	561	57.0	19.5	0	340.0	300.0	2.608905	59.357	0	1.0	0	0	0	0.079475	1.267955
1458508532106	0	564	562	56.5	20.5	0	340.0	300.0	2.60839	59.356785	0	1.0	0	0	0	0.079785	1.26547
1458508532125	0	565	563	56.5	20.5	0	340.0	300.0	2.60789	59.3775	0	1.0	0	0	0	0.08034	1.263
1458508532145	0	566	564	57.0	20.0	0	340.0	300.0	2.605085	59.413715	0	1.0	0	0	0	0.080375	1.260745
1458508532165	0	567	565	57.0	19.5	0	340.0	300.0	2.602305	59.40007	0	1.0	0	0	0	0.079395	1.258505
1458508532185	0	568	566	56.5	19.5	0	340.0	300.0	2.599545	59.36057	0	1.0	0	0	0	0.07981	1.256275
1458508532205	0	569	567	56.5	20.5	0	340.0	300.0	2.59681	59.339855	0	1.0	0	0	0	0.080735	1.25405
1458508532225	0	570	568	57.0	20.0	0	340.5	300.8	2.594105	59.32857	0	1.0	0	0	0	0.079915	1.25184
1458508532246	0	571	569	57.0	19.5	0	340.5	300.2	2.591425	59.32207	0	1.0	0	0	0	0.079315	1.24964
1458508532265	0	572	570	57.0	20.5	0	339.5	299.2	2.59101	59.3255	0	1.0	0	0	0	0.079655	1.247285
1458508532285	0	573	571	57.0	20.5	0	339.5	299.8	2.59061	59.344215	0	1.0	0	0	0	0.080065	1.244945
1458508532305	0	574	572	57.5	19.5	0	340.0	300.0	2.585755	59.406715	0	1.0	0	0	0	0.07997	1.24474
1458508532325	0	575	573	57.0	19.5	0	340.0	300.0	2.580935	59.435285	0	1.0	0	0	0	0.080205	1.244535
1458508532345	0	576	574	55.0	20.5	0	340.5	300.8	2.58498	59.414425	0	1.0	0	0	0	0.08048	1.247275
1458508532365	0	577	575	55.5	20.0	0	340.5	300.2	2.589015	59.427925	0	1.0	0	0	0	0.08039	1.25003
1458508532386	0	578	576	57.0	19.5	0	340.5	300.8	2.586435	59.468355	0	1.0	0	0	0	0.08059	1.24789
1458508532406	0	579	577	57.0	20.0	0	341.0	301.0	2.58388	59.484285	0	1.0	0	0	0	0.07961	1.24576
1458508532425	0	580	578	57.0	20.0	0	340.5	300.2	2.583515	59.49207	0	1.0	0	0	0	0.079245	1.2435
1458508532445	0	581	579	57.0	19.5	0	340.0	300.0	2.58316	59.468925	0	1.0	0	0	0	0.079365	1.24125
1458508532465	0	582	580	56.5	19.5	0	340.0	300.0	2.58065	59.438425	0	1.0	0	0	0	0.07962	1.239155
1458508532485	0	583	581	55.5	20.5	0	340.0	300.0	2.5803	59.402	0	1.0	0	0	0	0.08083	1.236935
1458508532505	0	584	582	56.0	20.5	0	339.5	299.2	2.57996	59.369715	0	1.0	0	0	0	0.081085	1.23473
1458508532525	0	585	583	57.0	19.5	0	339.0	299.0	2.577495	59.381	0	1.0	0	0	0	0.08023	1.232675
1458508532547	0	586	584	57.0	19.5	0	339.5	299.8	2.575055	59.337145	0	1.0	0	0	0	0.079735	1.23063
1458508532565	0	587	585	56.0	20.5	0	340.0	300.0	2.578935	59.353715	0	1.0	0	0	0	0.07946	1.233355
1458508532585	0	588	586	56.0	20.0	0	340.0	300.0	2.58281	59.41993	0	1.0	0	0	0	0.07961	1.236085
1458508532605	0	589	587	56.5	19.0	0	340.0	300.0	2.58038	59.4635	0	1.0	0	0	0	0.080575	1.234065
1458508532625	0	590	588	55.5	19.5	0	339.5	299.2	2.577965	59.407855	0	1.0	0	0	0	0.080475	1.23206
1458508532645	0	591	589	56.0	20.0	0	339.0	299.0	2.57557	59.283715	0	1.0	0	0	0	0.07978	1.23006
1458508532665	0	592	590	57.0	20.0	0	339.5	299.8	2.5732	59.240285	0	1.0	0	0	0	0.08012	1.22807
1458508532685	0	593	591	57.0	20.5	0	340.0	300.0	2.570845	59.272925	0	1.0	0	0	0	0.08036	1.22609
1458508532705	0	594	592	57.0	20.5	0	340.0	300.0	2.56851	59.234855	0	1.0	0	0	0	0.080505	1.224115
1458508532725	0	595	593	57.0	19.5	0	340.0	300.0	2.566195	59.173215	0	1.0	0	0	0	0.08061	1.22215
1458508532745	0	596	594	57.0	19.0	0	340.0	300.0	2.563895	59.213215	0	1.0	0	0	0	0.079655	1.220195
1458508532765	0	597	595	56.0	19.5	0	340.0	300.0	2.563635	59.347785	0	1.0	0	0	0	0.079	1.21814
1458508532786	0	598	596	56.0	20.5	0	340.0	300.0	2.563385	59.4905	0	1.0	0	0	0	0.08015	1.2161
1458508532810	0	599	597	57.0	20.5	0	340.5	300.8	2.561125	59.55286	0	1.0	0	0	0	0.08035	1.21418
1458508532827	0	600	598	57.5	22.0	0	341.0	301.0	2.566855	59.90393	0	1.0	0	0	0	0.07903	1.2217
1458508532847	0	601	599	57.0	20.5	0	341.5	300.2	2.57654	60.31207	0	1.0	0	0	0	0.07925	1.2306
1458508532865	0	602	600	56.0	19.0	0	342.5	300.8	2.58415	60.507785	0	1.0	0	0	0	0.079935	1.234515
1458508532885	0	603	601	51.0	19.5	0	342.5	300.2	2.599585	60.28807	0	1.0	0	0	0	0.080025	1.25977
1458508532905	0	604	602	50.5	18.5	0	342.0	300.0	2.60904	59.842425	0	1.0	0	0	0	0.080675	1.280555
1458508532925	0	605	603	54.5	19.5	0	342.5	300.8	2.608605	59.574785	0	1.0	0	0	0	0.0808	1.278445
1458508532946	0	606	604	55.5	20.0	0	343.0	301.0	2.608185	59.388	0	1.0	0	0	0	0.080255	1.276345
1458508532966	0	607	605	57.0	20.0	0	342.5	300.2	2.607765	59.0585	0	1.0	0	0	0	0.080535	1.274255
1458508532986	0	608	606	57.0	20.0	0	342.0	300.0	2.607355	58.6645	0	1.0	0	0	0	0.08075	1.27218
1458508533006	0	609	607	57.0	20.0	0	342.0	300.0	2.606935	58.491285	0	1.0	0	0	0	0.08019	1.27012
1458508533026	0	610	608	56.5	20.0	0	342.0	300.0	2.606525	58.709785	0	1.0	0	0	0	0.08013	1.268065
1458508533045	0	611	609	56.0	20.0	0	342.5	300.8	2.606115	59.134785	0	1.0	0	0	0	0.079655	1.266025
1458508533065	0	612	610	55.5	20.0	0	343.0	301.0	2.60762	59.338215	0	1.0	0	0	0	0.079335	1.26384
1458508533085	0	613	611	55.5	20.0	0	342.5	300.2	2.60911	59.379	0	1.0	0	0	0	0.079955	1.261665
1458508533105	0	614	612	56.0	20.0	0	341.0	300.0	2.610585	59.25407	0	1.0	0	0	0	0.079945	1.259495
1458508533126	0	615	613	56.5	20.0	0	340.0	300.0	2.61017	59.15457	0	1.0	0	0	0	0.079765	1.257505
1458508533145	0	616	614	57.0	20.0	0	340.0	300.0	2.60788	59.128645	0	1.0	0	0	0	0.08057	1.255695
1458508533165	0	617	615	57.0	20.0	0	340.0	300.0	2.60561	59.158645	0	1.0	0	0	0	0.081225	1.25389
1458508533186	0	618	616	56.5	19.5	0	340.0	300.0	2.605215	59.207285	0	1.0	0	0	0	0.08113	1.251935
1458508533205	0	619	617	56.0	20.0	0	340.0	300.0	2.60668	59.301215	0	1.0	0	0	0	0.080595	1.249835
1458508533226	0	620	618	56.0	20.0	0	340.0	300.0	2.608135	59.402575	0	1.0	0	0	0	0.08031	1.247745
1458508533245	0	621	619	56.0	19.5	0	340.0	300.0	2.609575	59.47993	0	1.0	0	0	0	0.080555	1.245665
1458508533265	0	622	620	55.5	20.0	0	340.0	300.0	2.611005	59.47443	0	1.0	0	0	0	0.080005	1.243595
1458508533285	0	623	621	55.5	20.0	0	340.0	300.0	2.61243	59.374	0	1.0	0	0	0	0.08042	1.24153
1458508533305	0	624	622	56.0	19.5	0	340.0	300.0	2.612025	59.2715	0	1.0	0	0	0	0.080715	1.239645
1458508533325	0	625	623	56.0	20.0	0	340.0	300.0	2.611615	59.19636	0	1.0	0	0	0	0.0798	1.237775
1458508533345	0	626	624	56.0	20.0	0	340.0	300.0	2.61302	59.145145	0	1.0	0	0	0	0.079825	1.23575
1458508533365	0	627	625	56.5	19.5	0	341.0	300.0	2.612615	59.115075	0	1.0	0	0	0	0.079945	1.2339
1458508533385	0	628	626	57.0	20.0	0	342.0	300.0	2.610415	59.090645	0	1.0	0	0	0	0.07954	1.232225
1458508533405	0	629	627	57.0	20.5	0	342.0	300.0	2.60823	59.1345	0	1.0	0	0	0	0.079865	1.230555
1458508533425	0	630	628	57.0	20.0	0	341.5	299.2	2.60606	59.232145	0	1.0	0	0	0	0.07988	1.22889
1458508533445	0	631	629	57.0	19.5	0	341.5	299.8	2.60391	59.32143	0	1.0	0	0	0	0.07981	1.22723
1458508533465	0	632	630	57.0	20.5	0	342.0	300.0	2.601775	59.42907	0	1.0	0	0	0	0.08055	1.225575
1458508533485	0	633	631	57.0	20.5	0	341.5	299.2	2.59965	59.4775	0	1.0	0	0	0	0.080655	1.22393
1458508533505	0	634	632	57.0	20.0	0	341.5	299.8	2.59754	59.517785	0	1.0	0	0	0	0.07995	1.22229
1458508533525	0	635	633	57.0	19.5	0	341.5	299.2	2.59545	59.527285	0	1.0	0	0	0	0.079975	1.22065
1458508533545	0	636	634	57.0	19.5	0	341.0	299.0	2.59337	59.484715	0	1.0	0	0	0	0.079735	1.21902
1458508533565	0	637	635	57.0	20.5	0	341.5	299.8	2.591305	59.454285	0	1.0	0	0	0	0.0795	1.2174
1458508533585	0	638	636	57.0	20.5	0	341.5	299.2	2.58926	59.465855	0	1.0	0	0	0	0.079465	1.21578
1458508533605	0	639	637	57.0	19.5	0	341.5	299.8	2.587225	59.458855	0	1.0	0	0	0	0.079505	1.214165
1458508533625	0	640	638	56.5	20.0	0	342.0	300.0	2.58692	59.42364	0	1.0	0	0	0	0.08084	1.212435
1458508533645	0	641	639	56.5	20.0	0	341.5	299.2	2.586625	59.37264	0	1.0	0	0	0	0.08096	1.210715
1458508533665	0	642	640	57.0	20.0	0	341.0	299.0	2.58462	59.382355	0	1.0	0	0	0	0.08019	1.209125
1458508533686	0	643	641	57.0	20.0	0	341.5	299.8	2.582625	59.431	0	1.0	0	0	0	0.07998	1.20754
1458508533706	0	644	642	57.0	20.0	0	342.0	300.0	2.58234	59.474785	0	1.0	0	0	0	0.07992	1.205845
1458508533725	0	645	643	57.0	21.0	0	342.0	300.0	2.583755	59.578	0	1.0	0	0	0	0.079695	1.20404
1458508533745	0	646	644	57.0	20.0	0	342.0	300.0	2.583475	59.68579	0	1.0	0	0	0	0.079745	1.202365
1458508533765	0	647	645	56.5	19.5	0	341.5	299.2	2.581515	59.706145	0	1.0	0	0	0	0.080775	1.200815
1458508533785	0	648	646	56.0	19.5	0	342.0	300.6	2.57957	59.599855	0	1.0	0	0	0	0.08059	1.19927
1458508533805	0	649	647	56.0	19.5	0	342.5	300.2	2.5793	59.46021	0	1.0	0	0	0	0.08004	1.19762
1458508533827	0	650	648	56.5	20.5	0	342.0	300.0	2.579035	59.415	0	1.0	0	0	0	0.07954	1.195975
1458508533846	0	651	649	57.0	21.0	0	342.0	300.0	2.580425	59.51729	0	1.0	0	0	0	0.07855	1.19562
1458508533865	0	652	650	57.0	20.0	0	342.0	300.0	2.58182	59.556	0	1.0	0	0	0	0.07905	1.195275
1458508533885	0	653	651	57.0	19.5	0	341.5	300.8	2.579905	59.467355	0	1.0	0	0	0	0.07932	1.19377
1458508533905	0	654	652	55.5	19.5	0	340.5	300.2	2.57964	59.344785	0	1.0	0	0	0	0.08006	1.19216
1458508533925	0	655	653	54.0	19.5	0	340.0	300.0	2.58265	59.31443	0	1.0	0	0	0	0.08109	1.19171
1458508533945	0	656	654	55.0	20.5	0	340.0	300.0	2.585645	59.378075	0	1.0	0	0	0	0.08052	1.191265
1458508533965	0	657	655	56.5	20.0	0	340.5	300.8	2.58537	59.38943	0	1.0	0	0	0	0.08003	1.189675
1458508533988	0	658	656	57.0	20.0	0	340.5	300.2	2.58347	59.293645	0	1.0	0	0	0	0.079965	1.188205
1458508534005	0	659	657	57.0	21.5	0	340.0	300.0	2.58642	59.354	0	1.0	0	0	0	0.080195	1.190485
1458508534025	0	660	658	57.0	19.5	0	340.0	300.0	2.58937	59.506855	0	1.0	0	0	0	0.079545	1.19277
1458508534045	0	661	659	56.5	19.0	0	340.0	300.0	2.58908	59.61	0	1.0	0	0	0	0.07886	1.191195
1458508534065	0	662	660	55.0	20.0	0	340.0	300.0	2.5888	59.54243	0	1.0	0	0	0	0.07902	1.18963
1458508534085	0	663	661	55.5	19.5	0	340.0	300.0	2.586925	59.389215	0	1.0	0	0	0	0.07934	1.188195
1458508534105	0	664	662	57.0	20.5	0	340.0	300.0	2.58506	59.420855	0	1.0	0	0	0	0.080195	1.186765
1458508534125	0	665	663	57.5	20.5	0	340.0	300.0	2.58162	59.42557	0	1.0	0	0	0	0.07958	1.186785
1458508534145	0	666	664	57.5	19.5	0	340.0	300.0	2.5782	59.240855	0	1.0	0	0	0	0.078575	1.186805
1458508534170	0	667	665	57.0	20.0	0	340.0	300.0	2.57638	59.07064	0	1.0	0	0	0	0.079095	1.185375
1458508534185	0	668	666	57.0	23.0	0	340.0	300.0	2.582405	59.451285	0	1.0	0	0	0	0.07938	1.1966
1458508534205	0	669	667	57.0	19.5	0	339.5	299.2	2.58842	60.035785	0	1.0	0	0	0	0.07921	1.20782
1458508534225	0	670	668	57.0	17.5	0	339.5	299.8	2.586585	60.243355	0	1.0	0	0	0	0.08048	1.20638
1458508534245	0	671	669	54.5	20.0	0	340.5	300.8	2.58476	59.84964	0	1.0	0	0	0	0.08023	1.20494
1458508534265	0	672	670	54.5	19.5	0	340.0	299.4	2.582945	59.434285	0	1.0	0	0	0	0.079455	1.203505
1458508534287	0	673	671	57.0	20.0	0	339.5	299.8	2.581145	59.369645	0	1.0	0	0	0	0.07934	1.202075
1458508534305	0	674	672	57.0	21.5	0	339.5	299.2	2.582435	59.494145	0	1.0	0	0	0	0.07936	1.20173
1458508534325	0	675	673	57.0	20.5	0	339.5	299.8	2.58372	59.33236	0	1.0	0	0	0	0.080025	1.20139
1458508534345	0	676	674	57.0	19.0	0	340.0	300.0	2.58193	59.03	0	1.0	0	0	0	0.079795	1.19998
1458508534365	0	677	675	56.0	19.5	0	340.5	300.8	2.580155	58.885785	0	1.0	0	0	0	0.07931	1.198575
1458508534385	0	678	676	56.0	19.5	0	340.5	300.2	2.57839	59.074785	0	1.0	0	0	0	0.07933	1.19717
1458508534405	0	679	677	57.0	20.0	0	340.0	300.0	2.576635	59.39657	0	1.0	0	0	0	0.079525	1.195775
1458508534425	0	680	678	57.0	20.5	0	340.0	300.0	2.57489	59.400715	0	1.0	0	0	0	0.07902	1.19438
1458508534446	0	681	679	57.0	20.5	0	340.0	300.0	2.573155	59.2925	0	1.0	0	0	0	0.079145	1.19299
1458508534465	0	682	680	57.0	20.0	0	340.0	300.0	2.57293	59.16843	0	1.0	0	0	0	0.07962	1.191515
1458508534485	0	683	681	57.0	19.5	0	340.0	300.0	2.572715	59.15293	0	1.0	0	0	0	0.080125	1.190045
1458508534505	0	684	682	57.0	19.0	0	340.0	300.0	2.56951	59.24643	0	1.0	0	0	0	0.07963	1.190025
1458508534526	0	685	683	56.5	19.5	0	340.0	300.0	2.56632	59.351	0	1.0	0	0	0	0.079005	1.19
1458508534545	0	686	684	56.5	20.5	0	340.0	300.0	2.566125	59.4225	0	1.0	0	0	0	0.079195	1.188545
1458508534566	0	687	685	57.5	19.5	0	340.5	300.8	2.56445	59.538715	0	1.0	0	0	0	0.07919	1.18843
1458508534585	0	688	686	57.5	19.0	0	340.5	300.2	2.562775	59.606215	0	1.0	0	0	0	0.080225	1.18832
1458508534605	0	689	687	56.0	19.5	0	340.0	300.0	2.564065	59.51843	0	1.0	0	0	0	0.07998	1.1868
1458508534626	0	690	688	55.5	19.5	0	340.0	300.0	2.565345	59.389855	0	1.0	0	0	0	0.07941	1.185285
1458508534645	0	691	689	56.5	20.5	0	340.0	300.0	2.565155	59.452355	0	1.0	0	0	0	0.08045	1.18386
1458508534665	0	692	690	56.5	20.0	0	339.5	299.2	2.564965	59.561645	0	1.0	0	0	0	0.08052	1.182445
1458508534685	0	693	691	56.5	20.0	0	339.5	299.8	2.564775	59.524575	0	1.0	0	0	0	0.07981	1.181035
1458508534710	0	694	692	56.0	20.5	0	340.0	300.0	2.564585	59.33286	0	1.0	0	0	0	0.079485	1.17963
1458508534725	0	695	693	56.0	22.0	0	340.5	300.8	2.571625	59.487645	0	1.0	0	0	0	0.079075	1.190015
1458508534745	0	696	694	57.0	20.0	0	341.0	301.0	2.5772	59.861215	0	1.0	0	0	0	0.07901	1.200475
1458508534765	0	697	695	57.0	17.5	0	340.5	300.2	2.57554	59.981645	0	1.0	0	0	0	0.079405	1.199145
1458508534785	0	698	696	54.5	19.5	0	340.0	300.0	2.57389	59.632	0	1.0	0	0	0	0.07987	1.197815
1458508534805	0	699	697	54.5	20.5	0	340.5	300.8	2.57225	59.272	0	1.0	0	0	0	0.079615	1.19649
1458508534826	0	700	698	57.0	20.0	0	340.0	299.4	2.570615	59.26693	0	1.0	0	0	0	0.079345	1.19517
1458508534846	0	701	699	57.5	20.5	0	339.5	299.8	2.56899	59.422785	0	1.0	0	0	0	0.079675	1.193855
1458508534865	0	702	700	57.0	20.5	0	340.0	300.0	2.57021	59.294	0	1.0	0	0	0	0.08021	1.19357
1458508534886	0	703	701	56.5	19.5	0	340.0	300.0	2.572845	59.026	0	1.0	0	0	0	0.080845	1.193205
1458508534905	0	704	702	56.0	20.0	0	340.5	300.8	2.57405	59.00757	0	1.0	0	0	0	0.080575	1.191735
1458508534926	0	705	703	55.5	20.0	0	341.0	301.0	2.57384	59.247355	0	1.0	0	0	0	0.080255	1.190355
1458508534946	0	706	704	56.0	20.5	0	340.5	300.2	2.57503	59.5735	0	1.0	0	0	0	0.080025	1.190075
1458508534969	0	707	705	56.0	20.0	0	340.5	300.8	2.57762	59.63807	0	1.0	0	0	0	0.0795	1.18971
1458508534988	0	708	706	56.5	21.0	0	340.5	300.2	2.582975	59.84164	0	1.0	0	0	0	0.079535	1.195
1458508535009	0	709	707	56.0	21.0	0	340.0	300.0	2.59109	60.0775	0	1.0	0	0	0	0.080105	1.20355
1458508535025	0	710	708	55.5	20.0	0	340.0	300.0	2.597775	60.25936	0	1.0	0	0	0	0.079955	1.20857
1458508535045	0	711	709	51.0	18.5	0	340.0	300.0	2.609945	60.1405	0	1.0	0	0	0	0.08024	1.23323
1458508535066	0	712	710	50.0	18.5	0	340.0	300.0	2.61793	59.76257	0	1.0	0	0	0	0.08129	1.25474
1458508535085	0	713	711	53.5	20.5	0	340.0	300.0	2.617605	59.362145	0	1.0	0	0	0	0.081405	1.2533
1458508535105	0	714	712	55.0	20.0	0	340.0	300.0	2.617285	59.10693	0	1.0	0	0	0	0.08061	1.25187
1458508535127	0	715	713	56.5	20.0	0	340.5	300.8	2.616965	58.848785	0	1.0	0	0	0	0.07927	1.25044
1458508535152	0	716	714	56.0	20.5	0	340.5	300.2	2.61937	58.531855	0	1.0	0	0	0	0.07862	1.24985
1458508535166	0	717	715	56.5	23.0	0	340.0	300.0	2.62856	58.776925	0	1.0	0	0	0	0.079415	1.26478
1458508535185	0	718	716	56.5	20.0	0	341.0	300.0	2.63772	59.442785	0	1.0	0	0	0	0.079825	1.27964
1458508535206	0	719	717	55.5	17.0	0	342.0	300.0	2.638705	59.908645	0	1.0	0	0	0	0.079455	1.27911
1458508535226	0	720	718	52.0	20.0	0	342.0	300.0	2.639675	59.82236	0	1.0	0	0	0	0.079815	1.278575
1458508535245	0	721	719	52.0	20.0	0	342.0	300.0	2.64199	59.585215	0	1.0	0	0	0	0.07976	1.277895
1458508535266	0	722	720	55.5	19.0	0	342.0	300.0	2.64295	59.503785	0	1.0	0	0	0	0.07904	1.27631
1458508535286	0	723	721	55.5	20.0	0	342.0	300.0	2.64391	59.384285	0	1.0	0	0	0	0.078845	1.27473
1458508535305	0	724	722	55.5	20.5	0	342.0	300.0	2.64486	58.820715	0	1.0	0	0	0	0.079565	1.273155
1458508535325	0	725	723	56.5	20.0	0	342.0	300.0	2.644475	58.317145	0	1.0	0	0	0	0.07979	1.27174
1458508535345	0	726	724	56.5	19.5	0	341.5	299.2	2.642765	58.3275	0	1.0	0	0	0	0.07997	1.27048
1458508535365	0	727	725	56.0	20.0	0	341.5	299.8	2.64106	58.732285	0	1.0	0	0	0	0.08085	1.269225
1458508535385	0	728	726	56.5	20.0	0	341.5	299.2	2.639365	59.115355	0	1.0	0	0	0	0.080975	1.267975
1458508535407	0	729	727	57.0	19.0	0	341.0	299.0	2.63768	59.171285	0	1.0	0	0	0	0.080235	1.266725
1458508535425	0	730	728	57.0	20.5	0	341.5	299.8	2.63732	59.3545	0	1.0	0	0	0	0.079475	1.265335
1458508535445	0	731	729	57.0	20.5	0	340.5	299.2	2.636965	59.509785	0	1.0	0	0	0	0.079755	1.26395
1458508535465	0	732	730	57.0	19.0	0	339.5	299.8	2.635295	59.457355	0	1.0	0	0	0	0.080335	1.262715
1458508535485	0	733	731	55.0	19.5	0	340.0	300.0	2.63624	59.339355	0	1.0	0	0	0	0.080925	1.26224
1458508535505	0	734	732	55.0	20.5	0	339.5	299.2	2.63719	59.3125	0	1.0	0	0	0	0.080555	1.26177
1458508535525	0	735	733	57.0	20.0	0	339.5	299.8	2.63554	59.38243	0	1.0	0	0	0	0.080255	1.260545
1458508535545	0	736	734	57.0	20.0	0	340.0	300.0	2.633895	59.42336	0	1.0	0	0	0	0.07958	1.259325
1458508535565	0	737	735	57.0	20.5	0	339.5	299.2	2.632255	59.323285	0	1.0	0	0	0	0.07946	1.25811
1458508535585	0	738	736	57.0	20.0	0	339.5	299.8	2.63063	59.20971	0	1.0	0	0	0	0.080115	1.256895
1458508535605	0	739	737	56.5	20.0	0	340.0	300.0	2.630295	59.21957	0	1.0	0	0	0	0.080055	1.25555
1458508535625	0	740	738	56.5	20.0	0	339.5	299.2	2.629965	59.341645	0	1.0	0	0	0	0.08046	1.25421
1458508535647	0	741	739	57.0	20.0	0	339.5	299.8	2.628355	59.460285	0	1.0	0	0	0	0.080185	1.25301
1458508535665	0	742	740	57.0	20.5	0	340.0	300.0	2.628025	59.565855	0	1.0	0	0	0	0.08007	1.25168
1458508535685	0	743	741	57.0	19.5	0	340.5	300.8	2.6277	59.63693	0	1.0	0	0	0	0.079675	1.250355
1458508535705	0	744	742	57.0	19.5	0	340.5	300.2	2.62611	59.599145	0	1.0	0	0	0	0.07915	1.249165
1458508535725	0	745	743	56.0	20.0	0	340.0	300.0	2.62453	59.44886	0	1.0	0	0	0	0.07939	1.24798
1458508535745	0	746	744	56.0	20.0	0	340.5	300.8	2.622955	59.315575	0	1.0	0	0	0	0.079105	1.2468
1458508535765	0	747	745	57.0	20.5	0	340.5	300.2	2.621385	59.323215	0	1.0	0	0	0	0.079535	1.24562
1458508535788	0	748	746	57.0	20.0	0	340.0	300.0	2.619825	59.339785	0	1.0	0	0	0	0.07978	1.24444
1458508535805	0	749	747	57.0	21.0	0	340.5	300.8	2.620775	59.41493	0	1.0	0	0	0	0.079045	1.244035
1458508535825	0	750	748	57.0	20.0	0	340.5	300.2	2.621725	59.494715	0	1.0	0	0	0	0.07926	1.243635
1458508535845	0	751	749	57.0	19.0	0	340.0	300.0	2.620175	59.529855	0	1.0	0	0	0	0.07945	1.24247
1458508535865	0	752	750	55.5	19.5	0	340.5	300.8	2.618635	59.49057	0	1.0	0	0	0	0.07919	1.241305
1458508535885	0	753	751	55.0	19.5	0	340.0	299.4	2.61834	59.402355	0	1.0	0	0	0	0.080385	1.240025
1458508535905	0	754	752	56.5	20.5	0	339.5	299.8	2.618045	59.369285	0	1.0	0	0	0	0.08114	1.238755
1458508535930	0	755	753	57.0	20.5	0	340.0	300.0	2.61652	59.373785	0	1.0	0	0	0	0.08027	1.237605
1458508535946	0	756	754	57.0	22.0	0	340.0	300.0	2.62115	59.56114	0	1.0	0	0	0	0.079325	1.245775
1458508535965	0	757	755	57.0	20.0	0	340.0	300.0	2.626995	59.787285	0	1.0	0	0	0	0.079035	1.253815
1458508535985	0	758	756	57.0	17.5	0	339.5	299.2	2.626685	59.818715	0	1.0	0	0	0	0.07978	1.252535
1458508536005	0	759	757	54.0	19.5	0	340.0	300.6	2.626375	59.634645	0	1.0	0	0	0	0.079485	1.251265
1458508536025	0	760	758	53.5	20.0	0	340.5	300.2	2.626065	59.414285	0	1.0	0	0	0	0.07939	1.249995
1458508536045	0	761	759	56.5	20.0	0	340.0	300.0	2.624545	59.36264	0	1.0	0	0	0	0.080725	1.24885
1458508536067	0	762	760	57.0	20.5	0	340.0	300.0	2.623035	59.35943	0	1.0	0	0	0	0.08063	1.247715
1458508536087	0	763	761	57.0	21.5	0	340.0	300.0	2.62394	59.191715	0	1.0	0	0	0	0.080435	1.247315
1458508536110	0	764	762	57.0	20.5	0	339.5	299.2	2.62726	59.11664	0	1.0	0	0	0	0.080925	1.24764
1458508536125	0	765	763	56.0	20.5	0	339.0	299.0	2.635375	59.524425	0	1.0	0	0	0	0.08062	1.26084
1458508536145	0	766	764	51.0	18.5	0	339.5	299.8	2.64945	60.022785	0	1.0	0	0	0	0.0797	1.29193
1458508536165	0	767	765	48.0	17.5	0	339.5	299.2	2.663465	60.11843	0	1.0	0	0	0	0.07937	1.322145
1458508536185	0	768	766	48.5	20.0	0	339.5	299.8	2.67383	59.693355	0	1.0	0	0	0	0.079275	1.33847
1458508536205	0	769	767	52.5	20.0	0	340.0	300.0	2.676995	59.351355	0	1.0	0	0	0	0.07992	1.342035
1458508536226	0	770	768	57.0	19.5	0	340.5	300.8	2.675385	59.169285	0	1.0	0	0	0	0.080605	1.340845
1458508536248	0	771	769	57.0	20.0	0	340.5	300.2	2.67497	58.910715	0	1.0	0	0	0	0.07982	1.3395
1458508536265	0	772	770	57.0	21.5	0	340.0	300.0	2.678105	58.71686	0	1.0	0	0	0	0.080285	1.340345
1458508536285	0	773	771	57.0	20.0	0	340.5	300.8	2.68005	58.791785	0	1.0	0	0	0	0.080565	1.34135
1458508536305	0	774	772	56.5	18.5	0	340.0	299.4	2.67845	59.0595	0	1.0	0	0	0	0.079965	1.340175
1458508536325	0	775	773	55.0	20.0	0	339.5	299.8	2.676855	59.2955	0	1.0	0	0	0	0.080015	1.339
1458508536345	0	776	774	55.5	20.0	0	339.5	299.2	2.675265	59.40071	0	1.0	0	0	0	0.079935	1.337825
1458508536365	0	777	775	57.0	19.5	0	339.5	299.8	2.673685	59.346285	0	1.0	0	0	0	0.0802	1.33666
1458508536385	0	778	776	56.5	20.0	0	340.0	300.0	2.67328	59.28786	0	1.0	0	0	0	0.08062	1.335345
1458508536406	0	779	777	56.5	20.0	0	340.0	300.0	2.672875	59.07486	0	1.0	0	0	0	0.079945	1.33403
1458508536425	0	780	778	57.0	20.0	0	340.0	300.0	2.67247	58.958	0	1.0	0	0	0	0.07955	1.33272
1458508536445	0	781	779	56.5	20.0	0	340.0	300.0	2.67323	59.062785	0	1.0	0	0	0	0.07978	1.331265
1458508536465	0	782	780	56.5	19.5	0	340.5	300.8	2.672835	59.31393	0	1.0	0	0	0	0.079715	1.329965
1458508536485	0	783	781	56.5	19.5	0	340.5	300.2	2.671285	59.475645	0	1.0	0	0	0	0.0798	1.32882
1458508536505	0	784	782	56.5	20.5	0	340.0	300.0	2.66974	59.454145	0	1.0	0	0	0	0.079725	1.32768
1458508536525	0	785	783	57.0	20.0	0	340.0	300.0	2.6682	59.455145	0	1.0	0	0	0	0.07981	1.32654
1458508536547	0	786	784	57.0	19.5	0	340.0	300.0	2.666665	59.434645	0	1.0	0	0	0	0.080115	1.3254
1458508536568	0	787	785	57.0	20.5	0	340.0	300.0	2.667425	59.48607	0	1.0	0	0	0	0.08057	1.32484
1458508536585	0	788	786	57.0	21.0	0	339.5	299.2	2.671605	59.755285	0	1.0	0	0	0	0.080685	1.326435
1458508536605	0	789	787	57.0	19.0	0	339.5	299.8	2.673495	59.940285	0	1.0	0	0	0	0.07959	1.32746
1458508536625	0	790	788	54.0	18.5	0	340.0	300.0	2.6765	59.831425	0	1.0	0	0	0	0.07942	1.330875
1458508536645	0	791	789	52.5	20.5	0	340.5	300.8	2.6795	59.5465	0	1.0	0	0	0	0.079905	1.33429
1458508536665	0	792	790	55.5	20.0	0	340.5	300.2	2.677965	59.344785	0	1.0	0	0	0	0.080025	1.33317
1458508536686	0	793	791	57.0	19.5	0	340.0	300.0	2.67644	59.328	0	1.0	0	0	0	0.0803	1.33205
1458508536705	0	794	792	57.0	20.0	0	340.0	300.0	2.67492	59.243	0	1.0	0	0	0	0.079735	1.330935
1458508536727	0	795	793	57.0	20.0	0	340.0	300.0	2.673405	58.993785	0	1.0	0	0	0	0.079095	1.329825
1458508536745	0	796	794	57.0	21.0	0	341.0	300.0	2.674135	58.998575	0	1.0	0	0	0	0.079775	1.329265
1458508536765	0	797	795	54.0	19.5	0	342.0	300.0	2.680445	59.26679	0	1.0	0	0	0	0.08011	1.33635
1458508536786	0	798	796	53.5	19.0	0	342.0	300.0	2.68562	59.53279	0	1.0	0	0	0	0.07926	1.34273
1458508536806	0	799	797	55.5	20.5	0	342.0	300.0	2.685205	59.591645	0	1.0	0	0	0	0.079745	1.341465
1458508536828	0	800	798	56.0	20.5	0	342.0	300.0	2.68479	59.558285	0	1.0	0	0	0	0.080505	1.34021
1458508536846	0	801	799	57.5	21.0	0	342.5	300.8	2.68549	59.78243	0	1.0	0	0	0	0.07942	1.338805
1458508536865	0	802	800	57.0	19.5	0	342.5	300.2	2.686185	59.90493	0	1.0	0	0	0	0.078735	1.3374
1458508536885	0	803	801	55.5	19.0	0	342.5	300.8	2.686875	59.6515	0	1.0	0	0	0	0.07929	1.336005
1458508536906	0	804	802	54.5	20.0	0	343.0	301.0	2.686465	59.301785	0	1.0	0	0	0	0.079065	1.33477
1458508536926	0	805	803	55.0	20.0	0	342.5	300.2	2.686055	59.22414	0	1.0	0	0	0	0.07928	1.333535
1458508536946	0	806	804	56.5	20.5	0	342.0	300.0	2.686745	59.467215	0	1.0	0	0	0	0.08061	1.33215
1458508536966	0	807	805	57.0	20.0	0	342.0	300.0	2.68743	59.63229	0	1.0	0	0	0	0.08119	1.33077
1458508536986	0	808	806	56.0	19.5	0	342.0	300.0	2.6892	59.394	0	1.0	0	0	0	0.080735	1.33006
1458508537006	0	809	807	55.0	20.5	0	341.5	300.8	2.692055	59.177855	0	1.0	0	0	0	0.07944	1.33002
1458508537026	0	810	808	55.0	20.0	0	341.0	301.0	2.694895	59.22843	0	1.0	0	0	0	0.078685	1.329975
1458508537045	0	811	809	55.5	19.5	0	340.5	300.2	2.69556	59.435645	0	1.0	0	0	0	0.079745	1.329425
1458508537065	0	812	810	56.0	20.0	0	340.0	300.0	2.694055	59.4705	0	1.0	0	0	0	0.08097	1.328375
1458508537086	0	813	811	55.5	20.0	0	340.5	300.8	2.693635	59.206855	0	1.0	0	0	0	0.08033	1.327175
1458508537105	0	814	812	55.5	20.0	0	340.5	300.2	2.694295	58.993425	0	1.0	0	0	0	0.07951	1.32582
1458508537125	0	815	813	56.5	20.0	0	340.0	300.0	2.693875	58.95021	0	1.0	0	0	0	0.07957	1.324625
1458508537146	0	816	814	56.5	19.5	0	340.0	300.0	2.69346	58.971355	0	1.0	0	0	0	0.07952	1.323435
1458508537165	0	817	815	56.0	20.0	0	340.0	300.0	2.694115	59.01743	0	1.0	0	0	0	0.07949	1.32209
1458508537186	0	818	816	56.5	20.0	0	340.0	300.0	2.6937	59.072575	0	1.0	0	0	0	0.08031	1.32091
1458508537206	0	819	817	57.5	20.5	0	340.5	300.8	2.692225	59.257075	0	1.0	0	0	0	0.08096	1.31989
1458508537232	0	820	817	57.0	20.5	0	340.5	300.2	2.690755	59.456145	0	1.0	0	0	0	0.08064	1.31887
1458508537246	0	821	819	56.5	23.0	0	330.0	284.0	2.697765	60.04707	0	1.0	0	0	0	0.08001	1.338855
1458508537266	0	822	820	56.0	20.0	0	330.0	296.0	2.70582	60.57271	0	1.0	0	0	0	0.079675	1.358665
1458508537286	0	823	821	56.0	17.0	0	340.5	300.8	2.70644	60.600425	0	1.0	0	0	0	0.079345	1.357295
1458508537305	0	824	822	50.0	20.0	0	340.5	300.2	2.713375	60.122425	0	1.0	0	0	0	0.078855	1.371135
1458508537325	0	825	823	49.5	19.5	0	340.0	300.0	2.719245	59.54764	0	1.0	0	0	0	0.0796	1.38513
1458508537345	0	826	824	55.5	20.0	0	340.0	300.0	2.718785	59.339285	0	1.0	0	0	0	0.080535	1.3839
1458508537365	0	827	825	55.5	20.0	0	339.5	299.2	2.718325	59.1655	0	1.0	0	0	0	0.07983	1.382675
1458508537385	0	828	826	56.5	20.0	0	339.0	299.0	2.716825	58.596355	0	1.0	0	0	0	0.07974	1.38162
1458508537408	0	829	827	57.0	20.0	0	339.5	299.8	2.71533	58.085855	0	1.0	0	0	0	0.08034	1.38056
1458508537425	0	830	828	56.5	21.0	0	339.5	299.2	2.716955	58.26993	0	1.0	0	0	0	0.080245	1.381285
1458508537445	0	831	829	56.0	19.5	0	339.5	299.8	2.719625	58.88336	0	1.0	0	0	0	0.080515	1.38185
1458508537465	0	832	830	53.0	19.0	0	340.0	300.0	2.72642	59.408575	0	1.0	0	0	0	0.08058	1.395115
1458508537485	0	833	831	49.0	20.5	0	339.5	299.2	2.73836	59.346145	0	1.0	0	0	0	0.080325	1.418465
1458508537495	0	834	831	52.5	19.5	0	338.5	298.25	2.743035	59.290715	0	1.0	0	0	0	0.08015	1.427325
1458508537506	0	834	832	57.0	19.0	0	338.0	298.0	2.74227	59.33943	0	1.0	0	0	0	0.08112	1.42679
1458508537525	0	835	833	57.0	19.5	0	340.0	299.6	2.741505	59.38707	0	1.0	0	0	0	0.081485	1.42625
1458508537545	0	836	834	57.0	20.0	0	342.0	300.0	2.73998	59.417355	0	1.0	0	0	0	0.08115	1.425175
1458508537565	0	837	835	57.0	20.0	0	341.5	299.2	2.73846	59.23	0	1.0	0	0	0	0.080995	1.424105
1458508537585	0	838	836	56.5	20.0	0	341.0	299.0	2.73695	59.03557	0	1.0	0	0	0	0.080435	1.42304
1458508537605	0	839	837	56.5	19.5	0	341.5	299.8	2.735445	59.003925	0	1.0	0	0	0	0.07987	1.421975
1458508537625	0	840	838	57.0	19.5	0	341.5	299.2	2.733945	59.16414	0	1.0	0	0	0	0.080105	1.42091
1458508537645	0	841	839	57.0	20.5	0	341.5	299.8	2.732455	59.3115	0	1.0	0	0	0	0.080845	1.41985
1458508537665	0	842	840	57.0	20.5	0	342.0	300.0	2.730965	59.27386	0	1.0	0	0	0	0.08019	1.41879
1458508537687	0	843	841	57.0	20.0	0	342.0	300.0	2.72948	59.25786	0	1.0	0	0	0	0.07945	1.41773
1458508537705	0	844	842	57.0	21.0	0	342.0	300.0	2.730025	59.39936	0	1.0	0	0	0	0.08037	1.41706
1458508537725	0	845	843	56.5	19.5	0	342.0	300.0	2.73158	59.56743	0	1.0	0	0	0	0.07994	1.41623
1458508537745	0	846	844	56.5	18.5	0	341.5	299.2	2.731115	59.59864	0	1.0	0	0	0	0.079465	1.415015
1458508537765	0	847	845	55.0	20.5	0	341.5	299.8	2.731655	59.4705	0	1.0	0	0	0	0.08073	1.414355
1458508537785	0	848	846	55.0	20.0	0	341.0	300.0	2.732195	59.35686	0	1.0	0	0	0	0.08069	1.4137
1458508537805	0	849	847	57.0	20.0	0	340.5	300.8	2.73073	59.36557	0	1.0	0	0	0	0.08	1.41266
1458508537831	0	850	848	57.0	20.5	0	340.5	300.2	2.72927	59.36721	0	1.0	0	0	0	0.08013	1.41162
1458508537845	0	851	849	57.0	22.5	0	340.0	300.0	2.73379	59.65421	0	1.0	0	0	0	0.08013	1.420165
1458508537866	0	852	850	57.0	20.0	0	340.5	300.8	2.738305	59.95307	0	1.0	0	0	0	0.079265	1.42871
1458508537885	0	853	851	56.5	17.5	0	340.5	300.2	2.737835	60.007785	0	1.0	0	0	0	0.079405	1.427505
1458508537905	0	854	852	53.0	19.5	0	340.0	300.0	2.738355	59.762425	0	1.0	0	0	0	0.080095	1.426135
1458508537925	0	855	853	53.5	20.0	0	340.5	300.8	2.73788	59.47557	0	1.0	0	0	0	0.080265	1.424935
1458508537945	0	856	854	56.5	20.5	0	340.5	300.2	2.736425	59.425145	0	1.0	0	0	0	0.08044	1.423905
1458508537965	0	857	855	56.5	19.5	0	340.0	300.0	2.734975	59.373645	0	1.0	0	0	0	0.080025	1.422875
1458508537985	0	858	856	57.0	20.0	0	340.5	300.8	2.73353	58.93686	0	1.0	0	0	0	0.079095	1.421845
1458508538005	0	859	857	56.5	20.5	0	340.5	300.2	2.73307	58.479145	0	1.0	0	0	0	0.079165	1.420655
1458508538025	0	860	858	56.5	19.5	0	340.0	300.0	2.732615	58.42843	0	1.0	0	0	0	0.079875	1.41947
1458508538045	0	861	859	56.5	19.5	0	340.0	300.0	2.73216	58.81943	0	1.0	0	0	0	0.079665	1.41829
1458508538065	0	862	860	56.5	20.5	0	340.0	300.0	2.731705	59.225645	0	1.0	0	0	0	0.080365	1.417115
1458508538085	0	863	861	56.5	20.5	0	340.0	300.0	2.731255	59.25993	0	1.0	0	0	0	0.080175	1.41594
1458508538105	0	864	862	56.5	19.5	0	339.5	299.2	2.73081	59.28943	0	1.0	0	0	0	0.079795	1.41477
1458508538129	0	865	863	57.0	19.5	0	339.5	299.8	2.72939	59.287145	0	1.0	0	0	0	0.08015	1.413765
1458508538145	0	866	864	57.0	21.5	0	339.5	299.2	2.731845	59.588645	0	1.0	0	0	0	0.07975	1.416235
1458508538165	0	867	865	57.0	20.0	0	339.0	299.0	2.7343	59.90836	0	1.0	0	0	0	0.08001	1.41871
1458508538185	0	868	866	57.0	18.5	0	339.5	299.8	2.732885	59.950715	0	1.0	0	0	0	0.08064	1.41771
1458508538205	0	869	867	55.0	20.0	0	339.5	299.2	2.731475	59.690355	0	1.0	0	0	0	0.080945	1.416705
1458508538225	0	870	868	54.5	19.5	0	339.0	299.0	2.73007	59.375425	0	1.0	0	0	0	0.08086	1.4157
1458508538245	0	871	869	56.5	20.0	0	339.5	299.8	2.72867	59.335215	0	1.0	0	0	0	0.08101	1.414705
1458508538266	0	872	870	57.0	20.5	0	340.0	300.0	2.727275	59.34386	0	1.0	0	0	0	0.080175	1.41371
1458508538292	0	873	871	57.0	20.5	0	340.0	300.0	2.72684	59.162215	0	1.0	0	0	0	0.08019	1.41256
1458508538307	0	874	872	57.0	23.5	0	340.0	300.0	2.733075	59.4595	0	1.0	0	0	0	0.080965	1.42442
1458508538325	0	875	873	56.0	20.0	0	340.0	300.0	2.74215	60.063215	0	1.0	0	0	0	0.08	1.439765
1458508538345	0	876	874	51.5	16.5	0	340.5	300.8	2.75213	60.39743	0	1.0	0	0	0	0.07905	1.45907
1458508538365	0	877	875	47.0	19.5	0	340.5	300.2	2.76208	60.13786	0	1.0	0	0	0	0.080195	1.47821
1458508538385	0	878	876	49.0	19.5	0	340.0	300.0	2.767265	59.53029	0	1.0	0	0	0	0.080005	1.481775
1458508538405	0	879	877	54.0	19.5	0	340.5	300.8	2.769595	59.386	0	1.0	0	0	0	0.078815	1.481985
1458508538425	0	880	878	56.5	20.5	0	340.5	300.2	2.769085	59.30557	0	1.0	0	0	0	0.07997	1.48079
1458508538445	0	881	879	57.0	20.5	0	340.0	300.0	2.76764	58.73643	0	1.0	0	0	0	0.0803	1.47977
1458508538465	0	882	880	57.0	20.0	0	340.5	300.8	2.7662	58.144	0	1.0	0	0	0	0.07916	1.478755
1458508538485	0	883	881	56.5	20.0	0	340.5	300.2	2.7657	58.130785	0	1.0	0	0	0	0.07956	1.47757
1458508538505	0	884	882	56.5	20.0	0	340.5	300.8	2.765205	58.71343	0	1.0	0	0	0	0.08015	1.476385
1458508538525	0	885	883	54.0	20.0	0	340.5	300.2	2.76937	59.35043	0	1.0	0	0	0	0.08003	1.483825
1458508538545	0	886	884	53.5	20.0	0	339.5	299.2	2.77353	59.44343	0	1.0	0	0	0	0.08048	1.491265
1458508538567	0	887	885	56.5	20.0	0	340.0	300.6	2.772095	59.40143	0	1.0	0	0	0	0.08004	1.49025
1458508538588	0	888	886	57.0	21.0	0	340.0	299.4	2.772515	59.529645	0	1.0	0	0	0	0.080165	1.48952
1458508538605	0	889	887	57.0	21.5	0	339.5	299.8	2.775715	59.83543	0	1.0	0	0	0	0.08065	1.49015
1458508538625	0	890	888	57.0	19.0	0	340.5	300.8	2.77706	59.983785	0	1.0	0	0	0	0.079855	1.4905
1458508538645	0	891	889	56.0	18.0	0	340.0	299.4	2.775625	59.810145	0	1.0	0	0	0	0.08027	1.4895
1458508538665	0	892	890	54.0	19.5	0	339.5	299.8	2.775115	59.44679	0	1.0	0	0	0	0.080955	1.488325
1458508538685	0	893	891	55.0	20.0	0	340.0	300.0	2.77461	59.27629	0	1.0	0	0	0	0.08049	1.48715
1458508538705	0	894	892	57.0	20.0	0	340.0	300.0	2.77319	59.330645	0	1.0	0	0	0	0.08052	1.486155
1458508538725	0	895	893	57.0	20.0	0	340.0	300.0	2.77177	59.207785	0	1.0	0	0	0	0.080985	1.48516
1458508538745	0	896	894	57.0	20.0	0	340.5	300.8	2.770355	58.873285	0	1.0	0	0	0	0.080515	1.484165
1458508538765	0	897	895	57.0	19.5	0	340.0	299.4	2.76895	58.680715	0	1.0	0	0	0	0.079815	1.483175
1458508538786	0	898	896	57.0	19.5	0	339.5	299.8	2.76755	58.830645	0	1.0	0	0	0	0.080025	1.482185
1458508538805	0	899	897	57.0	20.5	0	340.0	300.0	2.76615	59.229645	0	1.0	0	0	0	0.08021	1.481195
1458508538826	0	900	898	57.0	20.5	0	341.5	300.8	2.76476	59.48907	0	1.0	0	0	0	0.07982	1.480205
1458508538846	0	901	899	57.0	20.5	0	343.0	301.0	2.76428	59.563785	0	1.0	0	0	0	0.079055	1.479055
1458508538865	0	902	900	56.5	20.0	0	342.5	300.2	2.764705	59.630075	0	1.0	0	0	0	0.079315	1.47775
1458508538885	0	903	901	56.0	19.5	0	342.5	300.8	2.76513	59.62693	0	1.0	0	0	0	0.080155	1.47645
1458508538906	0	904	902	55.5	20.0	0	342.5	300.2	2.765555	59.56464	0	1.0	0	0	0	0.08038	1.47515
1458508538926	0	905	903	55.5	20.0	0	342.0	300.0	2.76598	59.49521	0	1.0	0	0	0	0.080645	1.47385
1458508538945	0	906	904	56.0	20.0	0	342.5	300.8	2.767295	59.502855	0	1.0	0	0	0	0.080235	1.473005
1458508538966	0	907	905	56.0	20.0	0	342.5	300.2	2.76861	59.501145	0	1.0	0	0	0	0.079895	1.472165
1458508538990	0	908	906	56.0	20.0	0	342.5	300.8	2.769025	59.415215	0	1.0	0	0	0	0.07904	1.470875
1458508539006	0	909	907	56.0	22.0	0	342.5	300.2	2.77301	59.655715	0	1.0	0	0	0	0.07884	1.475
1458508539025	0	910	908	56.0	19.5	0	342.0	300.0	2.77788	60.02343	0	1.0	0	0	0	0.080065	1.47956
1458508539045	0	911	909	55.5	17.5	0	342.0	300.0	2.779165	60.107715	0	1.0	0	0	0	0.08064	1.47871
1458508539065	0	912	910	53.0	20.0	0	342.5	300.8	2.779555	59.790145	0	1.0	0	0	0	0.08033	1.477425
1458508539086	0	913	911	53.5	20.0	0	342.5	300.2	2.77906	59.36286	0	1.0	0	0	0	0.079935	1.476305
1458508539105	0	914	912	56.0	20.0	0	342.0	300.0	2.778565	59.30343	0	1.0	0	0	0	0.080115	1.47519
1458508539125	0	915	913	56.0	19.5	0	342.0	300.0	2.778955	59.28893	0	1.0	0	0	0	0.08025	1.473915
1458508539146	0	916	914	56.0	20.0	0	342.0	300.0	2.779345	58.92993	0	1.0	0	0	0	0.080205	1.47264
1458508539165	0	917	915	56.0	21.0	0	342.0	300.0	2.779735	58.55707	0	1.0	0	0	0	0.080215	1.471365
1458508539185	0	918	916	56.5	20.0	0	342.0	300.0	2.779245	58.572855	0	1.0	0	0	0	0.08065	1.470265
1458508539205	0	919	917	56.5	19.5	0	342.0	300.0	2.778755	58.974215	0	1.0	0	0	0	0.08078	1.46917
1458508539225	0	920	918	56.0	20.0	0	342.0	300.0	2.778265	59.259575	0	1.0	0	0	0	0.08042	1.46808
1458508539245	0	921	919	56.0	19.5	0	342.0	300.0	2.7769	59.157215	0	1.0	0	0	0	0.079795	1.467155
1458508539266	0	922	920	56.5	20.0	0	342.0	300.0	2.775545	59.112785	0	1.0	0	0	0	0.07987	1.46623
1458508539286	0	923	921	57.5	21.0	0	342.0	300.0	2.774195	59.20007	0	1.0	0	0	0	0.08031	1.46531
1458508539306	0	924	922	57.5	20.5	0	342.0	300.0	2.773715	59.35157	0	1.0	0	0	0	0.08028	1.464225
1458508539325	0	925	923	57.0	20.0	0	342.0	300.0	2.77411	59.47657	0	1.0	0	0	0	0.080375	1.46298
1458508539346	0	926	924	56.0	19.5	0	341.0	300.0	2.774505	59.475425	0	1.0	0	0	0	0.080405	1.46174
1458508539365	0	927	925	55.5	20.0	0	340.0	300.0	2.774895	59.511855	0	1.0	0	0	0	0.079855	1.4605
1458508539385	0	928	926	55.5	20.0	0	340.0	300.0	2.77528	59.57007	0	1.0	0	0	0	0.07936	1.459265
1458508539405	0	929	927	56.0	19.0	0	339.5	299.2	2.774805	59.531215	0	1.0	0	0	0	0.07997	1.458195
1458508539425	0	930	928	56.5	19.5	0	339.0	299.0	2.773475	59.372	0	1.0	0	0	0	0.08037	1.45729
1458508539445	0	931	929	56.5	20.5	0	339.5	299.8	2.772145	59.13557	0	1.0	0	0	0	0.08073	1.45639
1458508539465	0	932	930	57.0	20.5	0	340.0	300.0	2.770815	58.981715	0	1.0	0	0	0	0.0806	1.45549
1458508539485	0	933	931	57.0	20.0	0	340.0	300.0	2.769495	59.007355	0	1.0	0	0	0	0.07981	1.45459
1458508539505	0	934	932	57.0	20.0	0	340.0	300.0	2.76818	59.1075	0	1.0	0	0	0	0.07989	1.45369
1458508539525	0	935	933	57.0	19.5	0	339.5	299.2	2.766865	59.168	0	1.0	0	0	0	0.079975	1.452795
1458508539545	0	936	934	57.0	20.0	0	339.5	299.8	2.76556	59.23957	0	1.0	0	0	0	0.080245	1.4519
1458508539565	0	937	935	55.0	20.5	0	340.0	300.0	2.76766	59.327	0	1.0	0	0	0	0.080225	1.4539
1458508539585	0	938	936	55.0	20.0	0	340.0	300.0	2.769755	59.4295	0	1.0	0	0	0	0.080035	1.455905
1458508539606	0	939	937	57.0	20.0	0	341.0	300.0	2.76845	59.45636	0	1.0	0	0	0	0.08026	1.455015
1458508539625	0	940	938	57.0	20.0	0	342.0	300.0	2.767995	59.47893	0	1.0	0	0	0	0.08032	1.45397
1458508539645	0	941	939	57.0	19.5	0	341.5	299.2	2.76754	59.48164	0	1.0	0	0	0	0.08037	1.452925
1458508539665	0	942	940	57.0	20.0	0	341.5	299.8	2.766245	59.498785	0	1.0	0	0	0	0.079985	1.452035
1458508539685	0	943	941	56.5	20.5	0	342.0	300.0	2.765795	59.52043	0	1.0	0	0	0	0.08024	1.450995
1458508539705	0	944	942	56.5	20.0	0	342.5	300.8	2.76535	59.523145	0	1.0	0	0	0	0.08035	1.44996
1458508539726	0	945	943	56.5	20.0	0	343.0	301.0	2.764905	59.505075	0	1.0	0	0	0	0.079755	1.448925
1458508539748	0	946	944	56.0	20.0	0	342.5	300.2	2.765295	59.49236	0	1.0	0	0	0	0.080165	1.44774
1458508539765	0	947	945	56.5	21.5	0	342.0	300.0	2.76736	59.689	0	1.0	0	0	0	0.080175	1.44799
1458508539785	0	948	946	56.5	20.0	0	342.0	300.0	2.769425	59.866925	0	1.0	0	0	0	0.07991	1.44824
1458508539805	0	949	947	56.0	18.5	0	342.0	300.0	2.768975	59.79414	0	1.0	0	0	0	0.080195	1.447215
1458508539825	0	950	948	55.0	20.0	0	342.5	300.8	2.76769	59.523215	0	1.0	0	0	0	0.080455	1.446345
1458508539846	0	951	949	55.0	20.0	0	342.5	300.2	2.767245	59.30586	0	1.0	0	0	0	0.0807	1.445325
1458508539865	0	952	950	56.5	20.5	0	341.0	300.0	2.767635	59.348145	0	1.0	0	0	0	0.080225	1.444155
1458508539886	0	953	951	57.0	20.0	0	340.0	300.0	2.767195	59.395785	0	1.0	0	0	0	0.079795	1.44314
1458508539905	0	954	952	56.5	19.5	0	340.0	300.0	2.76675	59.191285	0	1.0	0	0	0	0.08031	1.44213
1458508539925	0	955	953	56.0	20.0	0	340.0	300.0	2.76631	58.960785	0	1.0	0	0	0	0.0803	1.441125
1458508539945	0	956	954	56.0	19.5	0	340.0	300.0	2.76505	58.937	0	1.0	0	0	0	0.08022	1.44027
1458508539966	0	957	955	55.0	20.0	0	340.0	300.0	2.765435	59.11993	0	1.0	0	0	0	0.080475	1.439685
1458508539985	0	958	956	55.0	21.0	0	340.0	300.0	2.76746	59.33907	0	1.0	0	0	0	0.080435	1.439375
1458508540005	0	959	957	56.5	20.0	0	340.0	300.0	2.76784	59.3765	0	1.0	0	0	0	0.080615	1.438795
1458508540025	0	960	958	57.0	19.5	0	340.0	300.0	2.766585	59.35136	0	1.0	0	0	0	0.080535	1.43795
1458508540052	0	961	958	56.0	20.0	0	340.0	300.0	2.76615	59.26393	0	1.0	0	0	0	0.079705	1.436955
1458508540067	0	962	960	55.5	23.5	0	330.0	284.0	2.773055	59.77243	0	1.0	0	0	0	0.07947	1.454835
1458508540086	0	963	961	56.5	20.5	0	330.0	296.0	2.77995	60.49443	0	1.0	0	0	0	0.08011	1.472705
1458508540105	0	964	962	57.0	16.5	0	340.0	300.0	2.779495	60.708215	0	1.0	0	0	0	0.07987	1.471685
1458508540125	0	965	963	53.0	19.5	0	340.0	300.0	2.77823	60.1895	0	1.0	0	0	0	0.079655	1.47082
1458508540146	0	966	964	52.0	20.0	0	340.0	300.0	2.77697	59.43293	0	1.0	0	0	0	0.080005	1.46996
1458508540166	0	967	965	55.5	20.5	0	340.0	300.0	2.77652	59.30843	0	1.0	0	0	0	0.08008	1.46895
1458508540185	0	968	966	56.0	20.0	0	340.0	300.0	2.77769	59.44007	0	1.0	0	0	0	0.080065	1.46819
1458508540205	0	969	967	56.5	19.5	0	340.0	300.0	2.77805	59.02843	0	1.0	0	0	0	0.080035	1.46758
1458508540226	0	970	968	56.0	19.5	0	340.0	300.0	2.7776	58.32686	0	1.0	0	0	0	0.080085	1.466575
1458508540245	0	971	969	54.5	20.0	0	340.5	300.8	2.779565	58.093215	0	1.0	0	0	0	0.07977	1.466765
1458508540265	0	972	970	55.0	20.5	0	340.5	300.2	2.781525	58.606715	0	1.0	0	0	0	0.07985	1.46695
1458508540285	0	973	971	56.5	20.0	0	340.0	300.0	2.781075	59.303145	0	1.0	0	0	0	0.07979	1.46595
1458508540309	0	974	972	56.5	20.0	0	340.0	300.0	2.779825	59.3685	0	1.0	0	0	0	0.07976	1.46511
1458508540326	0	975	973	56.0	22.0	0	340.0	300.0	2.78257	59.531715	0	1.0	0	0	0	0.079805	1.468955
1458508540345	0	976	974	56.0	20.0	0	340.0	300.0	2.78611	59.769715	0	1.0	0	0	0	0.07943	1.472645
1458508540366	0	977	975	56.0	18.0	0	339.5	299.2	2.78645	59.84914	0	1.0	0	0	0	0.08014	1.471495
1458508540385	0	978	976	53.5	20.0	0	339.5	299.8	2.787585	59.69507	0	1.0	0	0	0	0.080125	1.470735
1458508540405	0	979	977	53.5	19.5	0	340.0	300.0	2.787925	59.432715	0	1.0	0	0	0	0.079255	1.470135
1458508540426	0	980	978	56.5	19.0	0	340.0	300.0	2.786675	59.36636	0	1.0	0	0	0	0.079115	1.4693
1458508540447	0	981	979	55.5	19.5	0	340.5	300.8	2.787805	59.3505	0	1.0	0	0	0	0.07949	1.46962
1458508540465	0	982	980	55.5	20.5	0	341.0	301.0	2.789725	59.181925	0	1.0	0	0	0	0.07979	1.46979
1458508540485	0	983	981	57.0	20.0	0	340.5	300.2	2.789265	58.99607	0	1.0	0	0	0	0.079465	1.46881
1458508540506	0	984	982	56.5	19.5	0	340.0	300.0	2.78802	58.97407	0	1.0	0	0	0	0.079505	1.467985
1458508540525	0	985	983	55.0	20.0	0	340.0	300.0	2.788355	59.113925	0	1.0	0	0	0	0.080255	1.46739
1458508540545	0	986	984	55.0	19.5	0	340.0	300.0	2.789475	59.278855	0	1.0	0	0	0	0.080105	1.466645
1458508540565	0	987	985	56.0	19.5	0	340.0	300.0	2.789805	59.291355	0	1.0	0	0	0	0.079745	1.465515
1458508540585	0	988	986	56.0	20.0	0	340.0	300.0	2.790135	59.293855	0	1.0	0	0	0	0.08042	1.464385
1458508540606	0	989	987	56.5	19.5	0	340.0	300.0	2.78968	59.18493	0	1.0	0	0	0	0.08067	1.463415
1458508540625	0	990	988	56.5	20.5	0	340.0	300.0	2.790005	59.110215	0	1.0	0	0	0	0.07994	1.46283
1458508540646	0	991	989	56.5	20.5	0	340.0	300.0	2.790335	59.18614	0	1.0	0	0	0	0.080075	1.462245
1458508540665	0	992	990	57.0	20.0	0	340.5	300.8	2.789885	59.405855	0	1.0	0	0	0	0.08027	1.461285
1458508540686	0	993	991	56.0	20.0	0	340.5	300.2	2.79021	59.544355	0	1.0	0	0	0	0.08015	1.460175
1458508540706	0	994	992	55.5	19.5	0	340.0	300.0	2.790535	59.558355	0	1.0	0	0	0	0.08065	1.459065
1458508540725	0	995	993	55.5	20.5	0	340.0	300.0	2.791635	59.6225	0	1.0	0	0	0	0.080655	1.45833
1458508540745	0	996	994	55.5	20.0	0	339.5	299.2	2.79273	59.636	0	1.0	0	0	0	0.080535	1.4576
1458508540765	0	997	995	55.5	19.5	0	339.0	299.0	2.79305	59.52093	0	1.0	0	0	0	0.08026	1.456495
1458508540786	0	998	996	53.0	20.0	0	339.5	299.8	2.79645	59.307285	0	1.0	0	0	0	0.08035	1.46006
1458508540805	0	999	997	53.5	20.5	0	340.0	300.0	2.800615	59.17257	0	1.0	0	0	0	0.080895	1.463995
1458508540825	0	1000	998	56.0	20.0	0	340.0	300.0	2.80169	59.184145	0	1.0	0	0	0	0.08108	1.463255
1458508540846	0	1001	999	56.0	19.5	0	340.0	300.0	2.801995	59.185785	0	1.0	0	0	0	0.080905	1.46215
1458508540869	0	1002	1000	56.0	20.5	0	340.0	300.0	2.8023	59.15271	0	1.0	0	0	0	0.08076	1.46105
1458508540886	0	1003	1001	56.5	21.5	0	340.0	300.0	2.804895	59.43957	0	1.0	0	0	0	0.080565	1.462615
1458508540906	0	1004	1002	57.0	20.0	0	340.0	300.0	2.807485	59.83136	0	1.0	0	0	0	0.08041	1.46418
1458508540925	0	1005	1003	56.0	18.5	0	340.0	300.0	2.80778	59.977145	0	1.0	0	0	0	0.080415	1.46308
1458508540945	0	1006	1004	53.5	19.5	0	340.0	300.0	2.808075	59.67293	0	1.0	0	0	0	0.080435	1.461985
1458508540965	0	1007	1005	53.5	20.0	0	340.0	300.0	2.808365	59.288075	0	1.0	0	0	0	0.079885	1.46089
1458508540985	0	1008	1006	55.5	20.0	0	340.0	300.0	2.807895	59.187	0	1.0	0	0	0	0.079785	1.459955
1458508541005	0	1009	1007	56.0	20.0	0	340.0	300.0	2.80743	59.1465	0	1.0	0	0	0	0.079935	1.459025
1458508541025	0	1010	1008	56.0	19.5	0	340.0	300.0	2.807725	58.86729	0	1.0	0	0	0	0.07968	1.45794
1458508541046	0	1011	1009	56.5	19.5	0	340.0	300.0	2.80726	58.504715	0	1.0	0	0	0	0.08003	1.457015
1458508541066	0	1012	1010	57.5	20.5	0	340.0	300.0	2.80604	58.561355	0	1.0	0	0	0	0.080105	1.45625
1458508541085	0	1013	1011	57.5	20.0	0	340.0	300.0	2.805575	59.02407	0	1.0	0	0	0	0.08033	1.45533
1458508541105	0	1014	1012	57.0	19.5	0	340.0	300.0	2.805115	59.44407	0	1.0	0	0	0	0.080445	1.45441
1458508541125	0	1015	1013	56.0	20.0	0	340.0	300.0	2.804655	59.506215	0	1.0	0	0	0	0.080215	1.453495
1458508541145	0	1016	1014	55.5	19.5	0	340.0	300.0	2.8042	59.411785	0	1.0	0	0	0	0.0798	1.45258
1458508541167	0	1017	1015	56.0	20.0	0	340.0	300.0	2.803745	59.35114	0	1.0	0	0	0	0.07932	1.451665
1458508541186	0	1018	1016	56.5	21.0	0	340.5	300.8	2.80404	59.45807	0	1.0	0	0	0	0.0792	1.4506
1458508541205	0	1019	1017	57.0	20.0	0	340.5	300.2	2.804335	59.542285	0	1.0	0	0	0	0.079615	1.449535
1458508541226	0	1020	1018	56.5	19.5	0	340.0	300.0	2.804625	59.497645	0	1.0	0	0	0	0.08009	1.44847
1458508541245	0	1021	1019	56.0	20.5	0	340.0	300.0	2.804915	59.42336	0	1.0	0	0	0	0.080165	1.44741
1458508541265	0	1022	1020	56.0	20.0	0	340.0	300.0	2.80446	59.406645	0	1.0	0	0	0	0.07952	1.44651
1458508541285	0	1023	1021	56.0	19.5	0	340.0	300.0	2.803265	59.465715	0	1.0	0	0	0	0.079845	1.44577
1458508541305	0	1024	1022	55.5	20.0	0	340.0	300.0	2.802815	59.420215	0	1.0	0	0	0	0.0804	1.44487
1458508541325	0	1025	1023	56.0	20.0	0	340.0	300.0	2.80237	59.25936	0	1.0	0	0	0	0.08063	1.44397
1458508541346	0	1026	1024	56.5	20.0	0	340.0	300.0	2.801925	59.126075	0	1.0	0	0	0	0.080755	1.44308
1458508541366	0	1027	1025	56.0	20.5	0	340.0	300.0	2.80295	59.11386	0	1.0	0	0	0	0.07988	1.44239
1458508541385	0	1028	1026	56.0	20.0	0	340.0	300.0	2.804715	59.21793	0	1.0	0	0	0	0.07936	1.442055
1458508541405	0	1029	1027	56.5	19.0	0	340.0	300.0	2.805005	59.3175	0	1.0	0	0	0	0.07951	1.441525
1458508541425	0	1030	1028	56.0	20.0	0	340.0	300.0	2.804555	59.30707	0	1.0	0	0	0	0.08039	1.44064
1458508541445	0	1031	1029	55.5	20.5	0	340.0	300.0	2.80411	59.308855	0	1.0	0	0	0	0.081205	1.439755
1458508541465	0	1032	1030	56.5	20.0	0	340.0	300.0	2.80293	59.359285	0	1.0	0	0	0	0.080805	1.43903
1458508541475	0	1033	1030	56.5	20.0	0	339.5	299.25	2.802485	59.33286	0	1.0	0	0	0	0.0801	1.43815
1458508541488	0	1033	1031	56.0	20.0	0	339.0	299.0	2.80263	59.30129	0	1.0	0	0	0	0.080985	1.43763
1458508541505	0	1034	1032	56.0	21.0	0	339.5	299.8	2.804235	59.400575	0	1.0	0	0	0	0.081005	1.438335
1458508541525	0	1035	1033	56.5	20.0	0	340.0	300.0	2.80525	59.475285	0	1.0	0	0	0	0.07965	1.43868
1458508541545	0	1036	1034	57.0	19.0	0	340.0	300.0	2.804075	59.49007	0	1.0	0	0	0	0.07925	1.43796
1458508541565	0	1037	1035	55.0	20.0	0	340.0	300.0	2.803635	59.429215	0	1.0	0	0	0	0.079675	1.437085
1458508541586	0	1038	1036	54.5	20.0	0	340.0	300.0	2.80392	59.39043	0	1.0	0	0	0	0.079705	1.436055
1458508541605	0	1039	1037	56.0	20.0	0	340.0	300.0	2.804205	59.476715	0	1.0	0	0	0	0.07958	1.43503
1458508541628	0	1040	1038	56.0	20.0	0	340.0	300.0	2.80449	59.533355	0	1.0	0	0	0	0.07971	1.43401
1458508541646	0	1041	1039	56.0	21.0	0	340.0	300.0	2.806215	59.591	0	1.0	0	0	0	0.0799	1.4342
